{"/home/travis/build/npmtest/node-npmtest-babel-cli/test.js":{"path":"/home/travis/build/npmtest/node-npmtest-babel-cli/test.js","s":{"1":2,"2":2,"3":2,"4":2,"5":2,"6":2,"7":2,"8":1,"9":2,"10":2,"11":1,"12":1,"13":1,"14":1,"15":2,"16":2,"17":2,"18":2,"19":1,"20":1,"21":2,"22":2,"23":2,"24":1,"25":1,"26":1,"27":1,"28":1,"29":1,"30":1,"31":1,"32":1,"33":1,"34":1,"35":1,"36":1,"37":1,"38":1,"39":2,"40":2,"41":1,"42":2,"43":2,"44":1,"45":2,"46":2,"47":1,"48":2,"49":2,"50":1,"51":1,"52":1,"53":1,"54":1},"b":{"1":[2,1,1,1],"2":[1,1,1,1],"3":[1,1],"4":[1,1],"5":[1,1],"6":[1,1],"7":[1,1],"8":[1,1],"9":[1,1],"10":[1,1,1],"11":[1,1],"12":[1,1],"13":[1,1],"14":[1,1],"15":[1,1],"16":[1,1],"17":[1,1]},"f":{"1":2,"2":2,"3":2,"4":2,"5":2,"6":1,"7":1,"8":1,"9":2,"10":2,"11":2,"12":2,"13":1},"fnMap":{"1":{"name":"(anonymous_1)","line":12,"loc":{"start":{"line":12,"column":1},"end":{"line":12,"column":13}}},"2":{"name":"(anonymous_2)","line":19,"loc":{"start":{"line":19,"column":5},"end":{"line":19,"column":17}}},"3":{"name":"(anonymous_3)","line":23,"loc":{"start":{"line":23,"column":24},"end":{"line":23,"column":36}}},"4":{"name":"(anonymous_4)","line":61,"loc":{"start":{"line":61,"column":5},"end":{"line":61,"column":17}}},"5":{"name":"(anonymous_5)","line":82,"loc":{"start":{"line":82,"column":5},"end":{"line":82,"column":17}}},"6":{"name":"(anonymous_6)","line":91,"loc":{"start":{"line":91,"column":77},"end":{"line":94,"column":10}}},"7":{"name":"(anonymous_7)","line":112,"loc":{"start":{"line":112,"column":83},"end":{"line":115,"column":10}},"skip":true},"8":{"name":"(anonymous_8)","line":123,"loc":{"start":{"line":123,"column":77},"end":{"line":126,"column":10}},"skip":true},"9":{"name":"(anonymous_9)","line":139,"loc":{"start":{"line":139,"column":12},"end":{"line":139,"column":40}},"skip":true},"10":{"name":"(anonymous_10)","line":147,"loc":{"start":{"line":147,"column":77},"end":{"line":150,"column":10}},"skip":true},"11":{"name":"(anonymous_11)","line":158,"loc":{"start":{"line":158,"column":83},"end":{"line":161,"column":10}},"skip":true},"12":{"name":"(anonymous_12)","line":169,"loc":{"start":{"line":169,"column":79},"end":{"line":172,"column":10}},"skip":true},"13":{"name":"(anonymous_13)","line":180,"loc":{"start":{"line":180,"column":75},"end":{"line":183,"column":10}},"skip":true}},"statementMap":{"1":{"start":{"line":12,"column":0},"end":{"line":195,"column":5}},"2":{"start":{"line":14,"column":4},"end":{"line":14,"column":14}},"3":{"start":{"line":19,"column":4},"end":{"line":56,"column":9}},"4":{"start":{"line":21,"column":8},"end":{"line":21,"column":19}},"5":{"start":{"line":23,"column":8},"end":{"line":35,"column":13}},"6":{"start":{"line":24,"column":12},"end":{"line":34,"column":13}},"7":{"start":{"line":25,"column":16},"end":{"line":28,"column":30}},"8":{"start":{"line":30,"column":16},"end":{"line":33,"column":27}},"9":{"start":{"line":37,"column":8},"end":{"line":39,"column":21}},"10":{"start":{"line":40,"column":8},"end":{"line":53,"column":9}},"11":{"start":{"line":43,"column":12},"end":{"line":46,"column":14}},"12":{"start":{"line":47,"column":12},"end":{"line":47,"column":18}},"13":{"start":{"line":50,"column":12},"end":{"line":51,"column":33}},"14":{"start":{"line":52,"column":12},"end":{"line":52,"column":18}},"15":{"start":{"line":55,"column":8},"end":{"line":55,"column":35}},"16":{"start":{"line":61,"column":4},"end":{"line":63,"column":9}},"17":{"start":{"line":62,"column":8},"end":{"line":62,"column":15}},"18":{"start":{"line":64,"column":4},"end":{"line":77,"column":5}},"19":{"start":{"line":70,"column":8},"end":{"line":70,"column":14}},"20":{"start":{"line":76,"column":8},"end":{"line":76,"column":14}},"21":{"start":{"line":82,"column":4},"end":{"line":84,"column":9}},"22":{"start":{"line":83,"column":8},"end":{"line":83,"column":15}},"23":{"start":{"line":85,"column":4},"end":{"line":194,"column":5}},"24":{"start":{"line":91,"column":8},"end":{"line":99,"column":10}},"25":{"start":{"line":98,"column":12},"end":{"line":98,"column":35}},"26":{"start":{"line":102,"column":8},"end":{"line":104,"column":63}},"27":{"start":{"line":105,"column":8},"end":{"line":105,"column":14}},"28":{"start":{"line":112,"column":8},"end":{"line":121,"column":10},"skip":true},"29":{"start":{"line":119,"column":12},"end":{"line":119,"column":55},"skip":true},"30":{"start":{"line":120,"column":12},"end":{"line":120,"column":48},"skip":true},"31":{"start":{"line":123,"column":8},"end":{"line":136,"column":10},"skip":true},"32":{"start":{"line":130,"column":12},"end":{"line":130,"column":76},"skip":true},"33":{"start":{"line":131,"column":12},"end":{"line":131,"column":73},"skip":true},"34":{"start":{"line":132,"column":12},"end":{"line":132,"column":74},"skip":true},"35":{"start":{"line":133,"column":12},"end":{"line":133,"column":79},"skip":true},"36":{"start":{"line":134,"column":12},"end":{"line":134,"column":25},"skip":true},"37":{"start":{"line":135,"column":12},"end":{"line":135,"column":45},"skip":true},"38":{"start":{"line":138,"column":8},"end":{"line":145,"column":14},"skip":true},"39":{"start":{"line":143,"column":16},"end":{"line":143,"column":29},"skip":true},"40":{"start":{"line":144,"column":16},"end":{"line":144,"column":55},"skip":true},"41":{"start":{"line":147,"column":8},"end":{"line":156,"column":10},"skip":true},"42":{"start":{"line":154,"column":12},"end":{"line":154,"column":25},"skip":true},"43":{"start":{"line":155,"column":12},"end":{"line":155,"column":45},"skip":true},"44":{"start":{"line":158,"column":8},"end":{"line":167,"column":10},"skip":true},"45":{"start":{"line":165,"column":12},"end":{"line":165,"column":25},"skip":true},"46":{"start":{"line":166,"column":12},"end":{"line":166,"column":48},"skip":true},"47":{"start":{"line":169,"column":8},"end":{"line":178,"column":10},"skip":true},"48":{"start":{"line":176,"column":12},"end":{"line":176,"column":25},"skip":true},"49":{"start":{"line":177,"column":12},"end":{"line":177,"column":46},"skip":true},"50":{"start":{"line":180,"column":8},"end":{"line":189,"column":10},"skip":true},"51":{"start":{"line":187,"column":12},"end":{"line":187,"column":94},"skip":true},"52":{"start":{"line":188,"column":12},"end":{"line":188,"column":48},"skip":true},"53":{"start":{"line":192,"column":8},"end":{"line":192,"column":35},"skip":true},"54":{"start":{"line":193,"column":8},"end":{"line":193,"column":14},"skip":true}},"branchMap":{"1":{"line":25,"type":"binary-expr","locations":[{"start":{"line":25,"column":23},"end":{"line":25,"column":62}},{"start":{"line":26,"column":20},"end":{"line":26,"column":70}},{"start":{"line":27,"column":20},"end":{"line":27,"column":71}},{"start":{"line":28,"column":20},"end":{"line":28,"column":29}}]},"2":{"line":30,"type":"binary-expr","locations":[{"start":{"line":30,"column":23},"end":{"line":30,"column":37}},{"start":{"line":31,"column":20},"end":{"line":31,"column":61}},{"start":{"line":32,"column":20},"end":{"line":32,"column":70}},{"start":{"line":33,"column":20},"end":{"line":33,"column":26}}]},"3":{"line":37,"type":"cond-expr","locations":[{"start":{"line":38,"column":14},"end":{"line":38,"column":20}},{"start":{"line":39,"column":14},"end":{"line":39,"column":20}}]},"4":{"line":40,"type":"switch","locations":[{"start":{"line":42,"column":8},"end":{"line":47,"column":18}},{"start":{"line":49,"column":8},"end":{"line":52,"column":18}}]},"5":{"line":44,"type":"binary-expr","locations":[{"start":{"line":44,"column":16},"end":{"line":44,"column":44}},{"start":{"line":44,"column":48},"end":{"line":44,"column":66}}]},"6":{"line":50,"type":"binary-expr","locations":[{"start":{"line":50,"column":21},"end":{"line":50,"column":49}},{"start":{"line":50,"column":53},"end":{"line":50,"column":72}}]},"7":{"line":64,"type":"switch","locations":[{"start":{"line":69,"column":4},"end":{"line":70,"column":14}},{"start":{"line":75,"column":4},"end":{"line":76,"column":14}}]},"8":{"line":85,"type":"switch","locations":[{"start":{"line":90,"column":4},"end":{"line":105,"column":14}},{"start":{"line":111,"column":4},"end":{"line":193,"column":14},"skip":true}]},"9":{"line":91,"type":"binary-expr","locations":[{"start":{"line":91,"column":42},"end":{"line":91,"column":73}},{"start":{"line":91,"column":77},"end":{"line":99,"column":9}}]},"10":{"line":102,"type":"binary-expr","locations":[{"start":{"line":102,"column":18},"end":{"line":102,"column":32}},{"start":{"line":103,"column":12},"end":{"line":103,"column":53}},{"start":{"line":104,"column":12},"end":{"line":104,"column":61}}]},"11":{"line":112,"type":"binary-expr","locations":[{"start":{"line":112,"column":45},"end":{"line":112,"column":79},"skip":true},{"start":{"line":112,"column":83},"end":{"line":121,"column":9},"skip":true}]},"12":{"line":123,"type":"binary-expr","locations":[{"start":{"line":123,"column":42},"end":{"line":123,"column":73},"skip":true},{"start":{"line":123,"column":77},"end":{"line":136,"column":9},"skip":true}]},"13":{"line":138,"type":"binary-expr","locations":[{"start":{"line":138,"column":48},"end":{"line":138,"column":85},"skip":true},{"start":{"line":139,"column":12},"end":{"line":145,"column":13},"skip":true}]},"14":{"line":147,"type":"binary-expr","locations":[{"start":{"line":147,"column":42},"end":{"line":147,"column":73},"skip":true},{"start":{"line":147,"column":77},"end":{"line":156,"column":9},"skip":true}]},"15":{"line":158,"type":"binary-expr","locations":[{"start":{"line":158,"column":45},"end":{"line":158,"column":79},"skip":true},{"start":{"line":158,"column":83},"end":{"line":167,"column":9},"skip":true}]},"16":{"line":169,"type":"binary-expr","locations":[{"start":{"line":169,"column":43},"end":{"line":169,"column":75},"skip":true},{"start":{"line":169,"column":79},"end":{"line":178,"column":9},"skip":true}]},"17":{"line":180,"type":"binary-expr","locations":[{"start":{"line":180,"column":41},"end":{"line":180,"column":71},"skip":true},{"start":{"line":180,"column":75},"end":{"line":189,"column":9},"skip":true}]}},"code":["/* istanbul instrument in package npmtest_babel_cli */","/*jslint","    bitwise: true,","    browser: true,","    maxerr: 8,","    maxlen: 96,","    node: true,","    nomen: true,","    regexp: true,","    stupid: true","*/","(function () {","    'use strict';","    var local;","","","","    // run shared js-env code - init-before","    (function () {","        // init local","        local = {};","        // init modeJs","        local.modeJs = (function () {","            try {","                return typeof navigator.userAgent === 'string' &&","                    typeof document.querySelector('body') === 'object' &&","                    typeof XMLHttpRequest.prototype.open === 'function' &&","                    'browser';","            } catch (errorCaughtBrowser) {","                return module.exports &&","                    typeof process.versions.node === 'string' &&","                    typeof require('http').createServer === 'function' &&","                    'node';","            }","        }());","        // init global","        local.global = local.modeJs === 'browser'","            ? window","            : global;","        switch (local.modeJs) {","        // re-init local from window.local","        case 'browser':","            local = local.global.utility2.objectSetDefault(","                local.global.utility2_rollup || local.global.local,","                local.global.utility2","            );","            break;","        // re-init local from example.js","        case 'node':","            local = (local.global.utility2_rollup || require('utility2'))","                .requireReadme();","            break;","        }","        // export local","        local.global.local = local;","    }());","","","","    // run shared js-env code - function","    (function () {","        return;","    }());","    switch (local.modeJs) {","","","","    // run browser js-env code - function","    case 'browser':","        break;","","","","    // run node js-env code - function","    case 'node':","        break;","    }","","","","    // run shared js-env code - init-after","    (function () {","        return;","    }());","    switch (local.modeJs) {","","","","    // run browser js-env code - init-after","    case 'browser':","        local.testCase_browser_nullCase = local.testCase_browser_nullCase || function (","            options,","            onError","        ) {","        /*","         * this function will test browsers's null-case handling-behavior-behavior","         */","            onError(null, options);","        };","","        // run tests","        local.nop(local.modeTest &&","            document.querySelector('#testRunButton1') &&","            document.querySelector('#testRunButton1').click());","        break;","","","","    // run node js-env code - init-after","    /* istanbul ignore next */","    case 'node':","        local.testCase_buildApidoc_default = local.testCase_buildApidoc_default || function (","            options,","            onError","        ) {","        /*","         * this function will test buildApidoc's default handling-behavior-behavior","         */","            options = { modulePathList: module.paths };","            local.buildApidoc(options, onError);","        };","","        local.testCase_buildApp_default = local.testCase_buildApp_default || function (","            options,","            onError","        ) {","        /*","         * this function will test buildApp's default handling-behavior-behavior","         */","            local.testCase_buildReadme_default(options, local.onErrorThrow);","            local.testCase_buildLib_default(options, local.onErrorThrow);","            local.testCase_buildTest_default(options, local.onErrorThrow);","            local.testCase_buildCustomOrg_default(options, local.onErrorThrow);","            options = [];","            local.buildApp(options, onError);","        };","","        local.testCase_buildCustomOrg_default = local.testCase_buildCustomOrg_default ||","            function (options, onError) {","            /*","             * this function will test buildCustomOrg's default handling-behavior","             */","                options = {};","                local.buildCustomOrg(options, onError);","            };","","        local.testCase_buildLib_default = local.testCase_buildLib_default || function (","            options,","            onError","        ) {","        /*","         * this function will test buildLib's default handling-behavior","         */","            options = {};","            local.buildLib(options, onError);","        };","","        local.testCase_buildReadme_default = local.testCase_buildReadme_default || function (","            options,","            onError","        ) {","        /*","         * this function will test buildReadme's default handling-behavior-behavior","         */","            options = {};","            local.buildReadme(options, onError);","        };","","        local.testCase_buildTest_default = local.testCase_buildTest_default || function (","            options,","            onError","        ) {","        /*","         * this function will test buildTest's default handling-behavior","         */","            options = {};","            local.buildTest(options, onError);","        };","","        local.testCase_webpage_default = local.testCase_webpage_default || function (","            options,","            onError","        ) {","        /*","         * this function will test webpage's default handling-behavior","         */","            options = { modeCoverageMerge: true, url: local.serverLocalHost + '?modeTest=1' };","            local.browserTest(options, onError);","        };","","        // run test-server","        local.testRunServer(local);","        break;","    }","}());",""],"l":{"12":2,"14":2,"19":2,"21":2,"23":2,"24":2,"25":2,"30":1,"37":2,"40":2,"43":1,"47":1,"50":1,"52":1,"55":2,"61":2,"62":2,"64":2,"70":1,"76":1,"82":2,"83":2,"85":2,"91":1,"98":1,"102":1,"105":1,"112":1,"119":1,"120":1,"123":1,"130":1,"131":1,"132":1,"133":1,"134":1,"135":1,"138":1,"143":2,"144":2,"147":1,"154":2,"155":2,"158":1,"165":2,"166":2,"169":1,"176":2,"177":2,"180":1,"187":1,"188":1,"192":1,"193":1}},"/home/travis/build/npmtest/node-npmtest-babel-cli/lib.npmtest_babel_cli.js":{"path":"/home/travis/build/npmtest/node-npmtest-babel-cli/lib.npmtest_babel_cli.js","s":{"1":2,"2":2,"3":2,"4":2,"5":2,"6":2,"7":2,"8":1,"9":2,"10":2,"11":2,"12":2,"13":1,"14":1,"15":1,"16":1},"b":{"1":[2,1,1,1],"2":[1,1,1,1],"3":[1,1],"4":[2,2],"5":[1,1]},"f":{"1":2,"2":2,"3":2},"fnMap":{"1":{"name":"(anonymous_1)","line":12,"loc":{"start":{"line":12,"column":1},"end":{"line":12,"column":13}}},"2":{"name":"(anonymous_2)","line":19,"loc":{"start":{"line":19,"column":5},"end":{"line":19,"column":17}}},"3":{"name":"(anonymous_3)","line":23,"loc":{"start":{"line":23,"column":24},"end":{"line":23,"column":36}}}},"statementMap":{"1":{"start":{"line":12,"column":0},"end":{"line":53,"column":5}},"2":{"start":{"line":14,"column":4},"end":{"line":14,"column":14}},"3":{"start":{"line":19,"column":4},"end":{"line":52,"column":9}},"4":{"start":{"line":21,"column":8},"end":{"line":21,"column":19}},"5":{"start":{"line":23,"column":8},"end":{"line":35,"column":13}},"6":{"start":{"line":24,"column":12},"end":{"line":34,"column":13}},"7":{"start":{"line":25,"column":16},"end":{"line":28,"column":30}},"8":{"start":{"line":30,"column":16},"end":{"line":33,"column":27}},"9":{"start":{"line":37,"column":8},"end":{"line":39,"column":21}},"10":{"start":{"line":41,"column":8},"end":{"line":41,"column":54}},"11":{"start":{"line":43,"column":8},"end":{"line":43,"column":54}},"12":{"start":{"line":45,"column":8},"end":{"line":51,"column":9}},"13":{"start":{"line":46,"column":12},"end":{"line":46,"column":60}},"14":{"start":{"line":48,"column":12},"end":{"line":48,"column":35}},"15":{"start":{"line":49,"column":12},"end":{"line":49,"column":49}},"16":{"start":{"line":50,"column":12},"end":{"line":50,"column":43}}},"branchMap":{"1":{"line":25,"type":"binary-expr","locations":[{"start":{"line":25,"column":23},"end":{"line":25,"column":62}},{"start":{"line":26,"column":20},"end":{"line":26,"column":70}},{"start":{"line":27,"column":20},"end":{"line":27,"column":71}},{"start":{"line":28,"column":20},"end":{"line":28,"column":29}}]},"2":{"line":30,"type":"binary-expr","locations":[{"start":{"line":30,"column":23},"end":{"line":30,"column":37}},{"start":{"line":31,"column":20},"end":{"line":31,"column":61}},{"start":{"line":32,"column":20},"end":{"line":32,"column":70}},{"start":{"line":33,"column":20},"end":{"line":33,"column":26}}]},"3":{"line":37,"type":"cond-expr","locations":[{"start":{"line":38,"column":14},"end":{"line":38,"column":20}},{"start":{"line":39,"column":14},"end":{"line":39,"column":20}}]},"4":{"line":41,"type":"binary-expr","locations":[{"start":{"line":41,"column":16},"end":{"line":41,"column":44}},{"start":{"line":41,"column":48},"end":{"line":41,"column":53}}]},"5":{"line":45,"type":"if","locations":[{"start":{"line":45,"column":8},"end":{"line":45,"column":8}},{"start":{"line":45,"column":8},"end":{"line":45,"column":8}}]}},"code":["/* istanbul instrument in package npmtest_babel_cli */","/*jslint","    bitwise: true,","    browser: true,","    maxerr: 8,","    maxlen: 96,","    node: true,","    nomen: true,","    regexp: true,","    stupid: true","*/","(function () {","    'use strict';","    var local;","","","","    // run shared js-env code - init-before","    (function () {","        // init local","        local = {};","        // init modeJs","        local.modeJs = (function () {","            try {","                return typeof navigator.userAgent === 'string' &&","                    typeof document.querySelector('body') === 'object' &&","                    typeof XMLHttpRequest.prototype.open === 'function' &&","                    'browser';","            } catch (errorCaughtBrowser) {","                return module.exports &&","                    typeof process.versions.node === 'string' &&","                    typeof require('http').createServer === 'function' &&","                    'node';","            }","        }());","        // init global","        local.global = local.modeJs === 'browser'","            ? window","            : global;","        // init utility2_rollup","        local = local.global.utility2_rollup || local;","        // init lib","        local.local = local.npmtest_babel_cli = local;","        // init exports","        if (local.modeJs === 'browser') {","            local.global.utility2_npmtest_babel_cli = local;","        } else {","            module.exports = local;","            module.exports.__dirname = __dirname;","            module.exports.module = module;","        }","    }());","}());",""],"l":{"12":2,"14":2,"19":2,"21":2,"23":2,"24":2,"25":2,"30":1,"37":2,"41":2,"43":2,"45":2,"46":1,"48":1,"49":1,"50":1}},"/home/travis/build/npmtest/node-npmtest-babel-cli/example.js":{"path":"/home/travis/build/npmtest/node-npmtest-babel-cli/example.js","s":{"1":2,"2":2,"3":2,"4":2,"5":2,"6":2,"7":2,"8":1,"9":2,"10":2,"11":2,"12":2,"13":1,"14":2,"15":2,"16":2,"17":2,"18":2,"19":0,"20":2,"21":1,"22":1,"23":1,"24":1,"25":1,"26":0,"27":0,"28":1,"29":1,"30":2,"31":0,"32":0,"33":0,"34":1,"35":2,"36":2,"37":3,"38":3,"39":3,"40":3,"41":0,"42":3,"43":3,"44":3,"45":1,"46":3,"47":1,"48":1,"49":1,"50":1,"51":1,"52":1,"53":1,"54":1,"55":1,"56":1,"57":0,"58":1,"59":6,"60":6,"61":1,"62":2,"63":0,"64":2,"65":1,"66":1,"67":0,"68":0,"69":0,"70":0,"71":0,"72":0,"73":0,"74":0,"75":0,"76":0,"77":0,"78":0,"79":0,"80":0,"81":0,"82":0,"83":0},"b":{"1":[2,1,1,1],"2":[1,1,1,1],"3":[1,1],"4":[2,2],"5":[1,1],"6":[1,1],"7":[2,0],"8":[2,1,1,1,1,1],"9":[0,2,0],"10":[1,1],"11":[2,1,1],"12":[1,0],"13":[0,2],"14":[2,0,0,0,0,0,0],"15":[0,3],"16":[3,0],"17":[1,1],"18":[0,1],"19":[1,2,0,2],"20":[1,0],"21":[1,1],"22":[0,0],"23":[0,0],"24":[0,0],"25":[0,0],"26":[0,0],"27":[0,0],"28":[0,0]},"f":{"1":2,"2":2,"3":2,"4":2,"5":2,"6":2,"7":3,"8":3,"9":3,"10":1,"11":6,"12":0},"fnMap":{"1":{"name":"(anonymous_1)","line":26,"loc":{"start":{"line":26,"column":1},"end":{"line":26,"column":13}}},"2":{"name":"(anonymous_2)","line":33,"loc":{"start":{"line":33,"column":5},"end":{"line":33,"column":17}}},"3":{"name":"(anonymous_3)","line":37,"loc":{"start":{"line":37,"column":24},"end":{"line":37,"column":36}}},"4":{"name":"(anonymous_4)","line":69,"loc":{"start":{"line":69,"column":31},"end":{"line":69,"column":48}},"skip":true},"5":{"name":"(anonymous_5)","line":78,"loc":{"start":{"line":78,"column":26},"end":{"line":78,"column":45}},"skip":true},"6":{"name":"(anonymous_6)","line":123,"loc":{"start":{"line":123,"column":33},"end":{"line":123,"column":48}},"skip":true},"7":{"name":"(anonymous_7)","line":125,"loc":{"start":{"line":125,"column":27},"end":{"line":125,"column":39}},"skip":true},"8":{"name":"(anonymous_8)","line":133,"loc":{"start":{"line":133,"column":59},"end":{"line":133,"column":74}},"skip":true},"9":{"name":"(anonymous_9)","line":143,"loc":{"start":{"line":143,"column":45},"end":{"line":143,"column":62}},"skip":true},"10":{"name":"(anonymous_10)","line":144,"loc":{"start":{"line":144,"column":73},"end":{"line":144,"column":92}},"skip":true},"11":{"name":"(anonymous_11)","line":272,"loc":{"start":{"line":272,"column":51},"end":{"line":272,"column":77}},"skip":true},"12":{"name":"(anonymous_12)","line":315,"loc":{"start":{"line":315,"column":32},"end":{"line":315,"column":61}},"skip":true}},"statementMap":{"1":{"start":{"line":26,"column":0},"end":{"line":326,"column":5}},"2":{"start":{"line":28,"column":4},"end":{"line":28,"column":14}},"3":{"start":{"line":33,"column":4},"end":{"line":60,"column":9}},"4":{"start":{"line":35,"column":8},"end":{"line":35,"column":19}},"5":{"start":{"line":37,"column":8},"end":{"line":49,"column":13}},"6":{"start":{"line":38,"column":12},"end":{"line":48,"column":13}},"7":{"start":{"line":39,"column":16},"end":{"line":42,"column":30}},"8":{"start":{"line":44,"column":16},"end":{"line":47,"column":27}},"9":{"start":{"line":51,"column":8},"end":{"line":53,"column":21}},"10":{"start":{"line":55,"column":8},"end":{"line":57,"column":45}},"11":{"start":{"line":59,"column":8},"end":{"line":59,"column":35}},"12":{"start":{"line":61,"column":4},"end":{"line":325,"column":5}},"13":{"start":{"line":69,"column":8},"end":{"line":121,"column":10},"skip":true},"14":{"start":{"line":70,"column":12},"end":{"line":88,"column":13},"skip":true},"15":{"start":{"line":76,"column":16},"end":{"line":87,"column":19},"skip":true},"16":{"start":{"line":79,"column":20},"end":{"line":86,"column":21},"skip":true},"17":{"start":{"line":82,"column":24},"end":{"line":82,"column":43},"skip":true},"18":{"start":{"line":83,"column":24},"end":{"line":83,"column":30},"skip":true},"19":{"start":{"line":85,"column":24},"end":{"line":85,"column":49},"skip":true},"20":{"start":{"line":89,"column":12},"end":{"line":107,"column":13},"skip":true},"21":{"start":{"line":92,"column":16},"end":{"line":102,"column":17},"skip":true},"22":{"start":{"line":93,"column":20},"end":{"line":93,"column":86},"skip":true},"23":{"start":{"line":94,"column":20},"end":{"line":95,"column":45},"skip":true},"24":{"start":{"line":96,"column":20},"end":{"line":96,"column":42},"skip":true},"25":{"start":{"line":97,"column":20},"end":{"line":97,"column":48},"skip":true},"26":{"start":{"line":100,"column":20},"end":{"line":100,"column":85},"skip":true},"27":{"start":{"line":101,"column":20},"end":{"line":101,"column":96},"skip":true},"28":{"start":{"line":103,"column":16},"end":{"line":103,"column":22},"skip":true},"29":{"start":{"line":106,"column":16},"end":{"line":106,"column":22},"skip":true},"30":{"start":{"line":108,"column":12},"end":{"line":120,"column":13},"skip":true},"31":{"start":{"line":114,"column":16},"end":{"line":119,"column":17},"skip":true},"32":{"start":{"line":116,"column":20},"end":{"line":116,"column":78},"skip":true},"33":{"start":{"line":118,"column":20},"end":{"line":118,"column":47},"skip":true},"34":{"start":{"line":123,"column":8},"end":{"line":141,"column":11},"skip":true},"35":{"start":{"line":124,"column":12},"end":{"line":124,"column":54},"skip":true},"36":{"start":{"line":125,"column":12},"end":{"line":140,"column":14},"skip":true},"37":{"start":{"line":126,"column":16},"end":{"line":126,"column":28},"skip":true},"38":{"start":{"line":127,"column":16},"end":{"line":127,"column":69},"skip":true},"39":{"start":{"line":128,"column":16},"end":{"line":128,"column":75},"skip":true},"40":{"start":{"line":129,"column":16},"end":{"line":131,"column":17},"skip":true},"41":{"start":{"line":130,"column":20},"end":{"line":130,"column":27},"skip":true},"42":{"start":{"line":133,"column":16},"end":{"line":137,"column":36},"skip":true},"43":{"start":{"line":134,"column":20},"end":{"line":136,"column":55},"skip":true},"44":{"start":{"line":139,"column":16},"end":{"line":139,"column":57},"skip":true},"45":{"start":{"line":143,"column":8},"end":{"line":147,"column":11},"skip":true},"46":{"start":{"line":144,"column":12},"end":{"line":146,"column":15},"skip":true},"47":{"start":{"line":145,"column":16},"end":{"line":145,"column":70},"skip":true},"48":{"start":{"line":149,"column":8},"end":{"line":149,"column":31},"skip":true},"49":{"start":{"line":150,"column":8},"end":{"line":150,"column":14},"skip":true},"50":{"start":{"line":158,"column":8},"end":{"line":158,"column":31},"skip":true},"51":{"start":{"line":160,"column":8},"end":{"line":160,"column":33},"skip":true},"52":{"start":{"line":161,"column":8},"end":{"line":161,"column":37},"skip":true},"53":{"start":{"line":162,"column":8},"end":{"line":162,"column":35},"skip":true},"54":{"start":{"line":164,"column":8},"end":{"line":164,"column":50},"skip":true},"55":{"start":{"line":166,"column":8},"end":{"line":256,"column":2},"skip":true},"56":{"start":{"line":258,"column":8},"end":{"line":286,"column":9},"skip":true},"57":{"start":{"line":259,"column":12},"end":{"line":269,"column":14},"skip":true},"58":{"start":{"line":271,"column":12},"end":{"line":285,"column":19},"skip":true},"59":{"start":{"line":274,"column":20},"end":{"line":274,"column":35},"skip":true},"60":{"start":{"line":275,"column":20},"end":{"line":284,"column":21},"skip":true},"61":{"start":{"line":277,"column":24},"end":{"line":277,"column":64},"skip":true},"62":{"start":{"line":279,"column":24},"end":{"line":279,"column":40},"skip":true},"63":{"start":{"line":281,"column":24},"end":{"line":281,"column":40},"skip":true},"64":{"start":{"line":283,"column":24},"end":{"line":283,"column":39},"skip":true},"65":{"start":{"line":288,"column":8},"end":{"line":290,"column":9},"skip":true},"66":{"start":{"line":289,"column":12},"end":{"line":289,"column":18},"skip":true},"67":{"start":{"line":291,"column":8},"end":{"line":293,"column":54},"skip":true},"68":{"start":{"line":296,"column":8},"end":{"line":301,"column":37},"skip":true},"69":{"start":{"line":303,"column":8},"end":{"line":303,"column":82},"skip":true},"70":{"start":{"line":306,"column":8},"end":{"line":308,"column":9},"skip":true},"71":{"start":{"line":307,"column":12},"end":{"line":307,"column":82},"skip":true},"72":{"start":{"line":310,"column":8},"end":{"line":312,"column":9},"skip":true},"73":{"start":{"line":311,"column":12},"end":{"line":311,"column":18},"skip":true},"74":{"start":{"line":313,"column":8},"end":{"line":313,"column":54},"skip":true},"75":{"start":{"line":314,"column":8},"end":{"line":314,"column":69},"skip":true},"76":{"start":{"line":315,"column":8},"end":{"line":323,"column":36},"skip":true},"77":{"start":{"line":316,"column":12},"end":{"line":316,"column":61},"skip":true},"78":{"start":{"line":317,"column":12},"end":{"line":320,"column":13},"skip":true},"79":{"start":{"line":318,"column":16},"end":{"line":318,"column":75},"skip":true},"80":{"start":{"line":319,"column":16},"end":{"line":319,"column":23},"skip":true},"81":{"start":{"line":321,"column":12},"end":{"line":321,"column":38},"skip":true},"82":{"start":{"line":322,"column":12},"end":{"line":322,"column":27},"skip":true},"83":{"start":{"line":324,"column":8},"end":{"line":324,"column":14},"skip":true}},"branchMap":{"1":{"line":39,"type":"binary-expr","locations":[{"start":{"line":39,"column":23},"end":{"line":39,"column":62}},{"start":{"line":40,"column":20},"end":{"line":40,"column":70}},{"start":{"line":41,"column":20},"end":{"line":41,"column":71}},{"start":{"line":42,"column":20},"end":{"line":42,"column":29}}]},"2":{"line":44,"type":"binary-expr","locations":[{"start":{"line":44,"column":23},"end":{"line":44,"column":37}},{"start":{"line":45,"column":20},"end":{"line":45,"column":61}},{"start":{"line":46,"column":20},"end":{"line":46,"column":70}},{"start":{"line":47,"column":20},"end":{"line":47,"column":26}}]},"3":{"line":51,"type":"cond-expr","locations":[{"start":{"line":52,"column":14},"end":{"line":52,"column":20}},{"start":{"line":53,"column":14},"end":{"line":53,"column":20}}]},"4":{"line":55,"type":"binary-expr","locations":[{"start":{"line":55,"column":16},"end":{"line":55,"column":44}},{"start":{"line":55,"column":49},"end":{"line":57,"column":43}}]},"5":{"line":55,"type":"cond-expr","locations":[{"start":{"line":56,"column":14},"end":{"line":56,"column":53}},{"start":{"line":57,"column":14},"end":{"line":57,"column":43}}]},"6":{"line":61,"type":"switch","locations":[{"start":{"line":68,"column":4},"end":{"line":150,"column":14},"skip":true},{"start":{"line":156,"column":4},"end":{"line":324,"column":14},"skip":true}]},"7":{"line":70,"type":"if","locations":[{"start":{"line":70,"column":12},"end":{"line":70,"column":12},"skip":true},{"start":{"line":70,"column":12},"end":{"line":70,"column":12},"skip":true}]},"8":{"line":70,"type":"binary-expr","locations":[{"start":{"line":70,"column":16},"end":{"line":70,"column":22},"skip":true},{"start":{"line":70,"column":27},"end":{"line":70,"column":32},"skip":true},{"start":{"line":71,"column":20},"end":{"line":71,"column":39},"skip":true},{"start":{"line":72,"column":20},"end":{"line":72,"column":49},"skip":true},{"start":{"line":73,"column":20},"end":{"line":73,"column":58},"skip":true},{"start":{"line":74,"column":20},"end":{"line":74,"column":69},"skip":true}]},"9":{"line":79,"type":"switch","locations":[{"start":{"line":80,"column":20},"end":{"line":80,"column":33},"skip":true},{"start":{"line":81,"column":20},"end":{"line":83,"column":30},"skip":true},{"start":{"line":84,"column":20},"end":{"line":85,"column":49},"skip":true}]},"10":{"line":89,"type":"switch","locations":[{"start":{"line":90,"column":12},"end":{"line":103,"column":22},"skip":true},{"start":{"line":105,"column":12},"end":{"line":106,"column":22},"skip":true}]},"11":{"line":89,"type":"binary-expr","locations":[{"start":{"line":89,"column":20},"end":{"line":89,"column":25},"skip":true},{"start":{"line":89,"column":29},"end":{"line":89,"column":48},"skip":true},{"start":{"line":89,"column":52},"end":{"line":89,"column":74},"skip":true}]},"12":{"line":92,"type":"if","locations":[{"start":{"line":92,"column":16},"end":{"line":92,"column":16},"skip":true},{"start":{"line":92,"column":16},"end":{"line":92,"column":16},"skip":true}]},"13":{"line":108,"type":"if","locations":[{"start":{"line":108,"column":12},"end":{"line":108,"column":12},"skip":true},{"start":{"line":108,"column":12},"end":{"line":108,"column":12},"skip":true}]},"14":{"line":108,"type":"binary-expr","locations":[{"start":{"line":108,"column":16},"end":{"line":108,"column":61},"skip":true},{"start":{"line":108,"column":66},"end":{"line":108,"column":72},"skip":true},{"start":{"line":108,"column":77},"end":{"line":108,"column":82},"skip":true},{"start":{"line":109,"column":20},"end":{"line":109,"column":39},"skip":true},{"start":{"line":110,"column":20},"end":{"line":110,"column":49},"skip":true},{"start":{"line":111,"column":20},"end":{"line":111,"column":58},"skip":true},{"start":{"line":112,"column":20},"end":{"line":112,"column":68},"skip":true}]},"15":{"line":129,"type":"if","locations":[{"start":{"line":129,"column":16},"end":{"line":129,"column":16},"skip":true},{"start":{"line":129,"column":16},"end":{"line":129,"column":16},"skip":true}]},"16":{"line":134,"type":"cond-expr","locations":[{"start":{"line":135,"column":26},"end":{"line":135,"column":29},"skip":true},{"start":{"line":136,"column":26},"end":{"line":136,"column":54},"skip":true}]},"17":{"line":164,"type":"binary-expr","locations":[{"start":{"line":164,"column":27},"end":{"line":164,"column":43},"skip":true},{"start":{"line":164,"column":47},"end":{"line":164,"column":49},"skip":true}]},"18":{"line":258,"type":"if","locations":[{"start":{"line":258,"column":8},"end":{"line":258,"column":8},"skip":true},{"start":{"line":258,"column":8},"end":{"line":258,"column":8},"skip":true}]},"19":{"line":275,"type":"switch","locations":[{"start":{"line":276,"column":20},"end":{"line":277,"column":64},"skip":true},{"start":{"line":278,"column":20},"end":{"line":279,"column":40},"skip":true},{"start":{"line":280,"column":20},"end":{"line":281,"column":40},"skip":true},{"start":{"line":282,"column":20},"end":{"line":283,"column":39},"skip":true}]},"20":{"line":288,"type":"if","locations":[{"start":{"line":288,"column":8},"end":{"line":288,"column":8},"skip":true},{"start":{"line":288,"column":8},"end":{"line":288,"column":8},"skip":true}]},"21":{"line":288,"type":"binary-expr","locations":[{"start":{"line":288,"column":12},"end":{"line":288,"column":40},"skip":true},{"start":{"line":288,"column":44},"end":{"line":288,"column":67},"skip":true}]},"22":{"line":292,"type":"binary-expr","locations":[{"start":{"line":292,"column":12},"end":{"line":292,"column":50},"skip":true},{"start":{"line":293,"column":12},"end":{"line":293,"column":53},"skip":true}]},"23":{"line":297,"type":"binary-expr","locations":[{"start":{"line":297,"column":12},"end":{"line":297,"column":67},"skip":true},{"start":{"line":298,"column":12},"end":{"line":301,"column":36},"skip":true}]},"24":{"line":303,"type":"binary-expr","locations":[{"start":{"line":303,"column":43},"end":{"line":303,"column":75},"skip":true},{"start":{"line":303,"column":79},"end":{"line":303,"column":81},"skip":true}]},"25":{"line":306,"type":"if","locations":[{"start":{"line":306,"column":8},"end":{"line":306,"column":8},"skip":true},{"start":{"line":306,"column":8},"end":{"line":306,"column":8},"skip":true}]},"26":{"line":310,"type":"if","locations":[{"start":{"line":310,"column":8},"end":{"line":310,"column":8},"skip":true},{"start":{"line":310,"column":8},"end":{"line":310,"column":8},"skip":true}]},"27":{"line":313,"type":"binary-expr","locations":[{"start":{"line":313,"column":27},"end":{"line":313,"column":43},"skip":true},{"start":{"line":313,"column":47},"end":{"line":313,"column":53},"skip":true}]},"28":{"line":317,"type":"if","locations":[{"start":{"line":317,"column":12},"end":{"line":317,"column":12},"skip":true},{"start":{"line":317,"column":12},"end":{"line":317,"column":12},"skip":true}]}},"code":["/*","example.js","","quickstart example","","instruction","    1. save this script as example.js","    2. run the shell command:","        $ npm install npmtest-babel-cli && PORT=8081 node example.js","    3. play with the browser-demo on http://127.0.0.1:8081","*/","","","","/* istanbul instrument in package npmtest_babel_cli */","/*jslint","    bitwise: true,","    browser: true,","    maxerr: 8,","    maxlen: 96,","    node: true,","    nomen: true,","    regexp: true,","    stupid: true","*/","(function () {","    'use strict';","    var local;","","","","    // run shared js-env code - init-before","    (function () {","        // init local","        local = {};","        // init modeJs","        local.modeJs = (function () {","            try {","                return typeof navigator.userAgent === 'string' &&","                    typeof document.querySelector('body') === 'object' &&","                    typeof XMLHttpRequest.prototype.open === 'function' &&","                    'browser';","            } catch (errorCaughtBrowser) {","                return module.exports &&","                    typeof process.versions.node === 'string' &&","                    typeof require('http').createServer === 'function' &&","                    'node';","            }","        }());","        // init global","        local.global = local.modeJs === 'browser'","            ? window","            : global;","        // init utility2_rollup","        local = local.global.utility2_rollup || (local.modeJs === 'browser'","            ? local.global.utility2_npmtest_babel_cli","            : global.utility2_moduleExports);","        // export local","        local.global.local = local;","    }());","    switch (local.modeJs) {","","","","    // init-after","    // run browser js-env code - init-after","    /* istanbul ignore next */","    case 'browser':","        local.testRunBrowser = function (event) {","            if (!event || (event &&","                    event.currentTarget &&","                    event.currentTarget.className &&","                    event.currentTarget.className.includes &&","                    event.currentTarget.className.includes('onreset'))) {","                // reset output","                Array.from(","                    document.querySelectorAll('body > .resettable')","                ).forEach(function (element) {","                    switch (element.tagName) {","                    case 'INPUT':","                    case 'TEXTAREA':","                        element.value = '';","                        break;","                    default:","                        element.textContent = '';","                    }","                });","            }","            switch (event && event.currentTarget && event.currentTarget.id) {","            case 'testRunButton1':","                // show tests","                if (document.querySelector('#testReportDiv1').style.display === 'none') {","                    document.querySelector('#testReportDiv1').style.display = 'block';","                    document.querySelector('#testRunButton1').textContent =","                        'hide internal test';","                    local.modeTest = true;","                    local.testRunDefault(local);","                // hide tests","                } else {","                    document.querySelector('#testReportDiv1').style.display = 'none';","                    document.querySelector('#testRunButton1').textContent = 'run internal test';","                }","                break;","            // custom-case","            default:","                break;","            }","            if (document.querySelector('#inputTextareaEval1') && (!event || (event &&","                    event.currentTarget &&","                    event.currentTarget.className &&","                    event.currentTarget.className.includes &&","                    event.currentTarget.className.includes('oneval')))) {","                // try to eval input-code","                try {","                    /*jslint evil: true*/","                    eval(document.querySelector('#inputTextareaEval1').value);","                } catch (errorCaught) {","                    console.error(errorCaught);","                }","            }","        };","        // log stderr and stdout to #outputTextareaStdout1","        ['error', 'log'].forEach(function (key) {","            console[key + '_original'] = console[key];","            console[key] = function () {","                var element;","                console[key + '_original'].apply(console, arguments);","                element = document.querySelector('#outputTextareaStdout1');","                if (!element) {","                    return;","                }","                // append text to #outputTextareaStdout1","                element.value += Array.from(arguments).map(function (arg) {","                    return typeof arg === 'string'","                        ? arg","                        : JSON.stringify(arg, null, 4);","                }).join(' ') + '\\n';","                // scroll textarea to bottom","                element.scrollTop = element.scrollHeight;","            };","        });","        // init event-handling","        ['change', 'click', 'keyup'].forEach(function (event) {","            Array.from(document.querySelectorAll('.on' + event)).forEach(function (element) {","                element.addEventListener(event, local.testRunBrowser);","            });","        });","        // run tests","        local.testRunBrowser();","        break;","","","","    // run node js-env code - init-after","    /* istanbul ignore next */","    case 'node':","        // export local","        module.exports = local;","        // require modules","        local.fs = require('fs');","        local.http = require('http');","        local.url = require('url');","        // init assets","        local.assetsDict = local.assetsDict || {};","        /* jslint-ignore-begin */","        local.assetsDict['/assets.index.template.html'] = '\\","<!doctype html>\\n\\","<html lang=\"en\">\\n\\","<head>\\n\\","<meta charset=\"UTF-8\">\\n\\","<meta name=\"viewport\" content=\"width=device-width, initial-scale=1\">\\n\\","<title>{{env.npm_package_name}} (v{{env.npm_package_version}})</title>\\n\\","<style>\\n\\","/*csslint\\n\\","    box-sizing: false,\\n\\","    universal-selector: false\\n\\","*/\\n\\","* {\\n\\","    box-sizing: border-box;\\n\\","}\\n\\","body {\\n\\","    background: #dde;\\n\\","    font-family: Arial, Helvetica, sans-serif;\\n\\","    margin: 2rem;\\n\\","}\\n\\","body > * {\\n\\","    margin-bottom: 1rem;\\n\\","}\\n\\",".utility2FooterDiv {\\n\\","    margin-top: 20px;\\n\\","    text-align: center;\\n\\","}\\n\\","</style>\\n\\","<style>\\n\\","/*csslint\\n\\","*/\\n\\","textarea {\\n\\","    font-family: monospace;\\n\\","    height: 10rem;\\n\\","    width: 100%;\\n\\","}\\n\\","textarea[readonly] {\\n\\","    background: #ddd;\\n\\","}\\n\\","</style>\\n\\","</head>\\n\\","<body>\\n\\","<!-- utility2-comment\\n\\","<div id=\"ajaxProgressDiv1\" style=\"background: #d00; height: 2px; left: 0; margin: 0; padding: 0; position: fixed; top: 0; transition: background 0.5s, width 1.5s; width: 25%;\"></div>\\n\\","utility2-comment -->\\n\\","<h1>\\n\\","<!-- utility2-comment\\n\\","    <a\\n\\","        {{#if env.npm_package_homepage}}\\n\\","        href=\"{{env.npm_package_homepage}}\"\\n\\","        {{/if env.npm_package_homepage}}\\n\\","        target=\"_blank\"\\n\\","    >\\n\\","utility2-comment -->\\n\\","        {{env.npm_package_name}} (v{{env.npm_package_version}})\\n\\","<!-- utility2-comment\\n\\","    </a>\\n\\","utility2-comment -->\\n\\","</h1>\\n\\","<h3>{{env.npm_package_description}}</h3>\\n\\","<!-- utility2-comment\\n\\","<h4><a download href=\"assets.app.js\">download standalone app</a></h4>\\n\\","<button class=\"onclick onreset\" id=\"testRunButton1\">run internal test</button><br>\\n\\","<div id=\"testReportDiv1\" style=\"display: none;\"></div>\\n\\","utility2-comment -->\\n\\","\\n\\","\\n\\","\\n\\","<label>stderr and stdout</label>\\n\\","<textarea class=\"resettable\" id=\"outputTextareaStdout1\" readonly></textarea>\\n\\","<!-- utility2-comment\\n\\","{{#if isRollup}}\\n\\","<script src=\"assets.app.js\"></script>\\n\\","{{#unless isRollup}}\\n\\","utility2-comment -->\\n\\","<script src=\"assets.utility2.rollup.js\"></script>\\n\\","<script src=\"jsonp.utility2._stateInit?callback=window.utility2._stateInit\"></script>\\n\\","<script src=\"assets.npmtest_babel_cli.rollup.js\"></script>\\n\\","<script src=\"assets.example.js\"></script>\\n\\","<script src=\"assets.test.js\"></script>\\n\\","<!-- utility2-comment\\n\\","{{/if isRollup}}\\n\\","utility2-comment -->\\n\\","<div class=\"utility2FooterDiv\">\\n\\","    [ this app was created with\\n\\","    <a href=\"https://github.com/kaizhu256/node-utility2\" target=\"_blank\">utility2</a>\\n\\","    ]\\n\\","</div>\\n\\","</body>\\n\\","</html>\\n\\","';","        /* jslint-ignore-end */","        if (local.templateRender) {","            local.assetsDict['/'] = local.templateRender(","                local.assetsDict['/assets.index.template.html'],","                {","                    env: local.objectSetDefault(local.env, {","                        npm_package_description: 'the greatest app in the world!',","                        npm_package_name: 'my-app',","                        npm_package_nameAlias: 'my_app',","                        npm_package_version: '0.0.1'","                    })","                }","            );","        } else {","            local.assetsDict['/'] = local.assetsDict['/assets.index.template.html']","                .replace((/\\{\\{env\\.(\\w+?)\\}\\}/g), function (match0, match1) {","                    // jslint-hack","                    String(match0);","                    switch (match1) {","                    case 'npm_package_description':","                        return 'the greatest app in the world!';","                    case 'npm_package_name':","                        return 'my-app';","                    case 'npm_package_nameAlias':","                        return 'my_app';","                    case 'npm_package_version':","                        return '0.0.1';","                    }","                });","        }","        // run the cli","        if (local.global.utility2_rollup || module !== require.main) {","            break;","        }","        local.assetsDict['/assets.example.js'] =","            local.assetsDict['/assets.example.js'] ||","            local.fs.readFileSync(__filename, 'utf8');","        // bug-workaround - long $npm_package_buildCustomOrg","        /* jslint-ignore-begin */","        local.assetsDict['/assets.npmtest_babel_cli.rollup.js'] =","            local.assetsDict['/assets.npmtest_babel_cli.rollup.js'] ||","            local.fs.readFileSync(","                local.npmtest_babel_cli.__dirname + '/lib.npmtest_babel_cli.js',","                'utf8'","            ).replace((/^#!/), '//');","        /* jslint-ignore-end */","        local.assetsDict['/favicon.ico'] = local.assetsDict['/favicon.ico'] || '';","        // if $npm_config_timeout_exit exists,","        // then exit this process after $npm_config_timeout_exit ms","        if (Number(process.env.npm_config_timeout_exit)) {","            setTimeout(process.exit, Number(process.env.npm_config_timeout_exit));","        }","        // start server","        if (local.global.utility2_serverHttp1) {","            break;","        }","        process.env.PORT = process.env.PORT || '8081';","        console.error('server starting on port ' + process.env.PORT);","        local.http.createServer(function (request, response) {","            request.urlParsed = local.url.parse(request.url);","            if (local.assetsDict[request.urlParsed.pathname] !== undefined) {","                response.end(local.assetsDict[request.urlParsed.pathname]);","                return;","            }","            response.statusCode = 404;","            response.end();","        }).listen(process.env.PORT);","        break;","    }","}());",""],"l":{"26":2,"28":2,"33":2,"35":2,"37":2,"38":2,"39":2,"44":1,"51":2,"55":2,"59":2,"61":2,"69":1,"70":2,"76":2,"79":2,"82":2,"83":2,"85":1,"89":2,"92":1,"93":1,"94":1,"96":1,"97":1,"100":1,"101":1,"103":1,"106":1,"108":2,"114":1,"116":1,"118":1,"123":1,"124":2,"125":2,"126":3,"127":3,"128":3,"129":3,"130":1,"133":3,"134":3,"139":3,"143":1,"144":3,"145":1,"149":1,"150":1,"158":1,"160":1,"161":1,"162":1,"164":1,"166":1,"258":1,"259":1,"271":1,"274":6,"275":6,"277":1,"279":2,"281":1,"283":2,"288":1,"289":1,"291":1,"296":1,"303":1,"306":1,"307":1,"310":1,"311":1,"313":1,"314":1,"315":1,"316":1,"317":1,"318":1,"319":1,"321":1,"322":1,"324":1}},"/home/travis/build/npmtest/node-npmtest-babel-cli/node_modules/babel-cli/index.js":{"path":"/home/travis/build/npmtest/node-npmtest-babel-cli/node_modules/babel-cli/index.js","s":{"1":4},"b":{},"f":{},"fnMap":{},"statementMap":{"1":{"start":{"line":1,"column":0},"end":{"line":1,"column":61}}},"branchMap":{},"code":["throw new Error(\"Use the `babel-core` package not `babel`.\");",""],"l":{"1":4}},"/home/travis/build/npmtest/node-npmtest-babel-cli/node_modules/babel-cli/bin/babel-doctor.js":{"path":"/home/travis/build/npmtest/node-npmtest-babel-cli/node_modules/babel-cli/bin/babel-doctor.js","s":{"1":4},"b":{},"f":{},"fnMap":{},"statementMap":{"1":{"start":{"line":3,"column":0},"end":{"line":3,"column":50}}},"branchMap":{},"code":["//#!/usr/bin/env node","","throw new Error(\"babel-doctor has been removed.\");",""],"l":{"3":4}},"/home/travis/build/npmtest/node-npmtest-babel-cli/node_modules/babel-cli/bin/babel.js":{"path":"/home/travis/build/npmtest/node-npmtest-babel-cli/node_modules/babel-cli/bin/babel.js","s":{"1":1},"b":{},"f":{},"fnMap":{},"statementMap":{"1":{"start":{"line":3,"column":0},"end":{"line":3,"column":24}}},"branchMap":{},"code":["//#!/usr/bin/env node","","require(\"../lib/babel\");",""],"l":{"3":1}},"/home/travis/build/npmtest/node-npmtest-babel-cli/node_modules/babel-cli/lib/babel/index.js":{"path":"/home/travis/build/npmtest/node-npmtest-babel-cli/node_modules/babel-cli/lib/babel/index.js","s":{"1":1,"2":1,"3":1,"4":1,"5":1,"6":1,"7":1,"8":1,"9":1,"10":1,"11":1,"12":1,"13":38,"14":38,"15":15,"16":23,"17":23,"18":17,"19":23,"20":3,"21":23,"22":23,"23":3,"24":23,"25":23,"26":0,"27":23,"28":20,"29":23,"30":1,"31":1,"32":1,"33":1,"34":1,"35":1,"36":1,"37":1,"38":1,"39":1,"40":1,"41":1,"42":0,"43":1,"44":1,"45":0,"46":0,"47":0,"48":0,"49":1,"50":1,"51":0,"52":0,"53":1,"54":0,"55":1,"56":0,"57":1,"58":0,"59":0,"60":0,"61":0,"62":1,"63":0,"64":1,"65":0,"66":0,"67":1,"68":1,"69":38,"70":38,"71":0,"72":1,"73":1,"74":0,"75":1,"76":1,"77":0,"78":1,"79":1},"b":{"1":[1,0],"2":[1,1],"3":[15,23],"4":[17,6],"5":[17,3],"6":[3,20],"7":[23,6],"8":[3,20],"9":[0,23],"10":[20,3],"11":[0,1],"12":[0,0],"13":[0,0],"14":[0,1],"15":[1,0],"16":[0,1],"17":[1,0],"18":[0,1],"19":[0,0],"20":[0,0],"21":[0,0],"22":[0,1],"23":[1,0],"24":[0,1],"25":[0,38],"26":[38,3],"27":[0,1],"28":[0,1]},"f":{"1":1,"2":38,"3":0,"4":0,"5":38},"fnMap":{"1":{"name":"_interopRequireDefault","line":8,"loc":{"start":{"line":8,"column":0},"end":{"line":8,"column":37}}},"2":{"name":"(anonymous_2)","line":18,"loc":{"start":{"line":18,"column":37},"end":{"line":18,"column":52}}},"3":{"name":"(anonymous_3)","line":65,"loc":{"start":{"line":65,"column":38},"end":{"line":65,"column":64}}},"4":{"name":"(anonymous_4)","line":73,"loc":{"start":{"line":73,"column":18},"end":{"line":73,"column":38}}},"5":{"name":"(anonymous_5)","line":108,"loc":{"start":{"line":108,"column":37},"end":{"line":108,"column":52}}}},"statementMap":{"1":{"start":{"line":4,"column":0},"end":{"line":4,"column":57}},"2":{"start":{"line":6,"column":0},"end":{"line":6,"column":43}},"3":{"start":{"line":8,"column":0},"end":{"line":8,"column":95}},"4":{"start":{"line":8,"column":39},"end":{"line":8,"column":93}},"5":{"start":{"line":10,"column":0},"end":{"line":10,"column":23}},"6":{"start":{"line":11,"column":0},"end":{"line":11,"column":37}},"7":{"start":{"line":12,"column":0},"end":{"line":12,"column":44}},"8":{"start":{"line":13,"column":0},"end":{"line":13,"column":44}},"9":{"start":{"line":14,"column":0},"end":{"line":14,"column":38}},"10":{"start":{"line":15,"column":0},"end":{"line":15,"column":34}},"11":{"start":{"line":16,"column":0},"end":{"line":16,"column":27}},"12":{"start":{"line":18,"column":0},"end":{"line":43,"column":3}},"13":{"start":{"line":19,"column":2},"end":{"line":19,"column":28}},"14":{"start":{"line":20,"column":2},"end":{"line":20,"column":28}},"15":{"start":{"line":20,"column":21},"end":{"line":20,"column":28}},"16":{"start":{"line":22,"column":2},"end":{"line":22,"column":27}},"17":{"start":{"line":24,"column":2},"end":{"line":26,"column":3}},"18":{"start":{"line":25,"column":4},"end":{"line":25,"column":50}},"19":{"start":{"line":28,"column":2},"end":{"line":30,"column":3}},"20":{"start":{"line":29,"column":4},"end":{"line":29,"column":22}},"21":{"start":{"line":32,"column":2},"end":{"line":32,"column":19}},"22":{"start":{"line":34,"column":2},"end":{"line":36,"column":3}},"23":{"start":{"line":35,"column":4},"end":{"line":35,"column":46}},"24":{"start":{"line":38,"column":2},"end":{"line":38,"column":16}},"25":{"start":{"line":39,"column":2},"end":{"line":39,"column":72}},"26":{"start":{"line":39,"column":25},"end":{"line":39,"column":72}},"27":{"start":{"line":40,"column":2},"end":{"line":40,"column":56}},"28":{"start":{"line":40,"column":26},"end":{"line":40,"column":56}},"29":{"start":{"line":42,"column":2},"end":{"line":42,"column":40}},"30":{"start":{"line":45,"column":0},"end":{"line":45,"column":135}},"31":{"start":{"line":46,"column":0},"end":{"line":46,"column":62}},"32":{"start":{"line":47,"column":0},"end":{"line":47,"column":81}},"33":{"start":{"line":48,"column":0},"end":{"line":48,"column":87}},"34":{"start":{"line":49,"column":0},"end":{"line":49,"column":106}},"35":{"start":{"line":50,"column":0},"end":{"line":50,"column":98}},"36":{"start":{"line":51,"column":0},"end":{"line":51,"column":54}},"37":{"start":{"line":54,"column":0},"end":{"line":54,"column":40}},"38":{"start":{"line":55,"column":0},"end":{"line":55,"column":87}},"39":{"start":{"line":56,"column":0},"end":{"line":56,"column":41}},"40":{"start":{"line":57,"column":0},"end":{"line":57,"column":30}},"41":{"start":{"line":59,"column":0},"end":{"line":61,"column":1}},"42":{"start":{"line":60,"column":2},"end":{"line":60,"column":61}},"43":{"start":{"line":63,"column":0},"end":{"line":63,"column":16}},"44":{"start":{"line":65,"column":0},"end":{"line":69,"column":7}},"45":{"start":{"line":66,"column":2},"end":{"line":66,"column":31}},"46":{"start":{"line":67,"column":2},"end":{"line":67,"column":37}},"47":{"start":{"line":67,"column":21},"end":{"line":67,"column":37}},"48":{"start":{"line":68,"column":2},"end":{"line":68,"column":31}},"49":{"start":{"line":71,"column":0},"end":{"line":71,"column":28}},"50":{"start":{"line":73,"column":0},"end":{"line":77,"column":3}},"51":{"start":{"line":74,"column":2},"end":{"line":76,"column":3}},"52":{"start":{"line":75,"column":4},"end":{"line":75,"column":45}},"53":{"start":{"line":79,"column":0},"end":{"line":81,"column":1}},"54":{"start":{"line":80,"column":2},"end":{"line":80,"column":50}},"55":{"start":{"line":83,"column":0},"end":{"line":85,"column":1}},"56":{"start":{"line":84,"column":2},"end":{"line":84,"column":54}},"57":{"start":{"line":87,"column":0},"end":{"line":95,"column":1}},"58":{"start":{"line":88,"column":2},"end":{"line":90,"column":3}},"59":{"start":{"line":89,"column":4},"end":{"line":89,"column":60}},"60":{"start":{"line":92,"column":2},"end":{"line":94,"column":3}},"61":{"start":{"line":93,"column":4},"end":{"line":93,"column":46}},"62":{"start":{"line":97,"column":0},"end":{"line":99,"column":1}},"63":{"start":{"line":98,"column":2},"end":{"line":98,"column":55}},"64":{"start":{"line":101,"column":0},"end":{"line":104,"column":1}},"65":{"start":{"line":102,"column":2},"end":{"line":102,"column":35}},"66":{"start":{"line":103,"column":2},"end":{"line":103,"column":18}},"67":{"start":{"line":106,"column":0},"end":{"line":106,"column":29}},"68":{"start":{"line":108,"column":0},"end":{"line":113,"column":3}},"69":{"start":{"line":109,"column":2},"end":{"line":109,"column":25}},"70":{"start":{"line":110,"column":2},"end":{"line":112,"column":3}},"71":{"start":{"line":111,"column":4},"end":{"line":111,"column":31}},"72":{"start":{"line":115,"column":0},"end":{"line":115,"column":56}},"73":{"start":{"line":117,"column":0},"end":{"line":119,"column":1}},"74":{"start":{"line":118,"column":2},"end":{"line":118,"column":54}},"75":{"start":{"line":121,"column":0},"end":{"line":121,"column":16}},"76":{"start":{"line":123,"column":0},"end":{"line":127,"column":1}},"77":{"start":{"line":124,"column":2},"end":{"line":124,"column":24}},"78":{"start":{"line":126,"column":2},"end":{"line":126,"column":25}},"79":{"start":{"line":129,"column":0},"end":{"line":129,"column":39}}},"branchMap":{"1":{"line":8,"type":"cond-expr","locations":[{"start":{"line":8,"column":70},"end":{"line":8,"column":73}},{"start":{"line":8,"column":76},"end":{"line":8,"column":92}}]},"2":{"line":8,"type":"binary-expr","locations":[{"start":{"line":8,"column":46},"end":{"line":8,"column":49}},{"start":{"line":8,"column":53},"end":{"line":8,"column":67}}]},"3":{"line":20,"type":"if","locations":[{"start":{"line":20,"column":2},"end":{"line":20,"column":2}},{"start":{"line":20,"column":2},"end":{"line":20,"column":2}}]},"4":{"line":24,"type":"if","locations":[{"start":{"line":24,"column":2},"end":{"line":24,"column":2}},{"start":{"line":24,"column":2},"end":{"line":24,"column":2}}]},"5":{"line":25,"type":"binary-expr","locations":[{"start":{"line":25,"column":19},"end":{"line":25,"column":30}},{"start":{"line":25,"column":34},"end":{"line":25,"column":42}}]},"6":{"line":28,"type":"if","locations":[{"start":{"line":28,"column":2},"end":{"line":28,"column":2}},{"start":{"line":28,"column":2},"end":{"line":28,"column":2}}]},"7":{"line":28,"type":"binary-expr","locations":[{"start":{"line":28,"column":6},"end":{"line":28,"column":31}},{"start":{"line":28,"column":35},"end":{"line":28,"column":58}}]},"8":{"line":34,"type":"if","locations":[{"start":{"line":34,"column":2},"end":{"line":34,"column":2}},{"start":{"line":34,"column":2},"end":{"line":34,"column":2}}]},"9":{"line":39,"type":"if","locations":[{"start":{"line":39,"column":2},"end":{"line":39,"column":2}},{"start":{"line":39,"column":2},"end":{"line":39,"column":2}}]},"10":{"line":40,"type":"if","locations":[{"start":{"line":40,"column":2},"end":{"line":40,"column":2}},{"start":{"line":40,"column":2},"end":{"line":40,"column":2}}]},"11":{"line":59,"type":"if","locations":[{"start":{"line":59,"column":0},"end":{"line":59,"column":0}},{"start":{"line":59,"column":0},"end":{"line":59,"column":0}}]},"12":{"line":67,"type":"if","locations":[{"start":{"line":67,"column":2},"end":{"line":67,"column":2}},{"start":{"line":67,"column":2},"end":{"line":67,"column":2}}]},"13":{"line":74,"type":"if","locations":[{"start":{"line":74,"column":2},"end":{"line":74,"column":2}},{"start":{"line":74,"column":2},"end":{"line":74,"column":2}}]},"14":{"line":79,"type":"if","locations":[{"start":{"line":79,"column":0},"end":{"line":79,"column":0}},{"start":{"line":79,"column":0},"end":{"line":79,"column":0}}]},"15":{"line":79,"type":"binary-expr","locations":[{"start":{"line":79,"column":4},"end":{"line":79,"column":20}},{"start":{"line":79,"column":24},"end":{"line":79,"column":41}}]},"16":{"line":83,"type":"if","locations":[{"start":{"line":83,"column":0},"end":{"line":83,"column":0}},{"start":{"line":83,"column":0},"end":{"line":83,"column":0}}]},"17":{"line":83,"type":"binary-expr","locations":[{"start":{"line":83,"column":4},"end":{"line":83,"column":21}},{"start":{"line":83,"column":25},"end":{"line":83,"column":41}}]},"18":{"line":87,"type":"if","locations":[{"start":{"line":87,"column":0},"end":{"line":87,"column":0}},{"start":{"line":87,"column":0},"end":{"line":87,"column":0}}]},"19":{"line":88,"type":"if","locations":[{"start":{"line":88,"column":2},"end":{"line":88,"column":2}},{"start":{"line":88,"column":2},"end":{"line":88,"column":2}}]},"20":{"line":88,"type":"binary-expr","locations":[{"start":{"line":88,"column":6},"end":{"line":88,"column":24}},{"start":{"line":88,"column":28},"end":{"line":88,"column":45}}]},"21":{"line":92,"type":"if","locations":[{"start":{"line":92,"column":2},"end":{"line":92,"column":2}},{"start":{"line":92,"column":2},"end":{"line":92,"column":2}}]},"22":{"line":97,"type":"if","locations":[{"start":{"line":97,"column":0},"end":{"line":97,"column":0}},{"start":{"line":97,"column":0},"end":{"line":97,"column":0}}]},"23":{"line":97,"type":"binary-expr","locations":[{"start":{"line":97,"column":4},"end":{"line":97,"column":30}},{"start":{"line":97,"column":34},"end":{"line":97,"column":50}}]},"24":{"line":101,"type":"if","locations":[{"start":{"line":101,"column":0},"end":{"line":101,"column":0}},{"start":{"line":101,"column":0},"end":{"line":101,"column":0}}]},"25":{"line":110,"type":"if","locations":[{"start":{"line":110,"column":2},"end":{"line":110,"column":2}},{"start":{"line":110,"column":2},"end":{"line":110,"column":2}}]},"26":{"line":110,"type":"binary-expr","locations":[{"start":{"line":110,"column":6},"end":{"line":110,"column":34}},{"start":{"line":110,"column":38},"end":{"line":110,"column":68}}]},"27":{"line":117,"type":"if","locations":[{"start":{"line":117,"column":0},"end":{"line":117,"column":0}},{"start":{"line":117,"column":0},"end":{"line":117,"column":0}}]},"28":{"line":123,"type":"if","locations":[{"start":{"line":123,"column":0},"end":{"line":123,"column":0}},{"start":{"line":123,"column":0},"end":{"line":123,"column":0}}]}},"code":["//#!/usr/bin/env node","\"use strict\";","","var _keys = require(\"babel-runtime/core-js/object/keys\");","","var _keys2 = _interopRequireDefault(_keys);","","function _interopRequireDefault(obj) { return obj && obj.__esModule ? obj : { default: obj }; }","","var fs = require(\"fs\");","var commander = require(\"commander\");","var kebabCase = require(\"lodash/kebabCase\");","var options = require(\"babel-core\").options;","var util = require(\"babel-core\").util;","var uniq = require(\"lodash/uniq\");","var glob = require(\"glob\");","","(0, _keys2.default)(options).forEach(function (key) {","  var option = options[key];","  if (option.hidden) return;","","  var arg = kebabCase(key);","","  if (option.type !== \"boolean\") {","    arg += \" [\" + (option.type || \"string\") + \"]\";","  }","","  if (option.type === \"boolean\" && option.default === true) {","    arg = \"no-\" + arg;","  }","","  arg = \"--\" + arg;","","  if (option.shorthand) {","    arg = \"-\" + option.shorthand + \", \" + arg;","  }","","  var desc = [];","  if (option.deprecated) desc.push(\"[DEPRECATED] \" + option.deprecated);","  if (option.description) desc.push(option.description);","","  commander.option(arg, desc.join(\" \"));","});","","commander.option(\"-x, --extensions [extensions]\", \"List of extensions to compile when a directory has been input [.es6,.js,.es,.jsx]\");","commander.option(\"-w, --watch\", \"Recompile files on changes\");","commander.option(\"--skip-initial-build\", \"Do not compile files before watching\");","commander.option(\"-o, --out-file [out]\", \"Compile all input files into a single file\");","commander.option(\"-d, --out-dir [out]\", \"Compile an input directory of modules into an output directory\");","commander.option(\"-D, --copy-files\", \"When compiling a directory copy over non-compilable files\");","commander.option(\"-q, --quiet\", \"Don't log anything\");","","","var pkg = require(\"../../package.json\");","commander.version(pkg.version + \" (babel-core \" + require(\"babel-core\").version + \")\");","commander.usage(\"[options] <files ...>\");","commander.parse(process.argv);","","if (commander.extensions) {","  commander.extensions = util.arrayify(commander.extensions);","}","","var errors = [];","","var filenames = commander.args.reduce(function (globbed, input) {","  var files = glob.sync(input);","  if (!files.length) files = [input];","  return globbed.concat(files);","}, []);","","filenames = uniq(filenames);","","filenames.forEach(function (filename) {","  if (!fs.existsSync(filename)) {","    errors.push(filename + \" doesn't exist\");","  }","});","","if (commander.outDir && !filenames.length) {","  errors.push(\"filenames required for --out-dir\");","}","","if (commander.outFile && commander.outDir) {","  errors.push(\"cannot have --out-file and --out-dir\");","}","","if (commander.watch) {","  if (!commander.outFile && !commander.outDir) {","    errors.push(\"--watch requires --out-file or --out-dir\");","  }","","  if (!filenames.length) {","    errors.push(\"--watch requires filenames\");","  }","}","","if (commander.skipInitialBuild && !commander.watch) {","  errors.push(\"--skip-initial-build requires --watch\");","}","","if (errors.length) {","  console.error(errors.join(\". \"));","  process.exit(2);","}","","var opts = exports.opts = {};","","(0, _keys2.default)(options).forEach(function (key) {","  var opt = options[key];","  if (commander[key] !== undefined && commander[key] !== opt.default) {","    opts[key] = commander[key];","  }","});","","opts.ignore = util.arrayify(opts.ignore, util.regexify);","","if (opts.only) {","  opts.only = util.arrayify(opts.only, util.regexify);","}","","var fn = void 0;","","if (commander.outDir) {","  fn = require(\"./dir\");","} else {","  fn = require(\"./file\");","}","","fn(commander, filenames, exports.opts);"],"l":{"4":1,"6":1,"8":1,"10":1,"11":1,"12":1,"13":1,"14":1,"15":1,"16":1,"18":1,"19":38,"20":38,"22":23,"24":23,"25":17,"28":23,"29":3,"32":23,"34":23,"35":3,"38":23,"39":23,"40":23,"42":23,"45":1,"46":1,"47":1,"48":1,"49":1,"50":1,"51":1,"54":1,"55":1,"56":1,"57":1,"59":1,"60":0,"63":1,"65":1,"66":0,"67":0,"68":0,"71":1,"73":1,"74":0,"75":0,"79":1,"80":0,"83":1,"84":0,"87":1,"88":0,"89":0,"92":0,"93":0,"97":1,"98":0,"101":1,"102":0,"103":0,"106":1,"108":1,"109":38,"110":38,"111":0,"115":1,"117":1,"118":0,"121":1,"123":1,"124":0,"126":1,"129":1}},"/home/travis/build/npmtest/node-npmtest-babel-cli/node_modules/babel-cli/lib/babel/file.js":{"path":"/home/travis/build/npmtest/node-npmtest-babel-cli/node_modules/babel-cli/lib/babel/file.js","s":{"1":1,"2":1,"3":1,"4":1,"5":1,"6":2,"7":1,"8":1,"9":1,"10":1,"11":1,"12":1,"13":1,"14":1,"15":0,"16":1,"17":1,"18":0,"19":0,"20":0,"21":0,"22":0,"23":0,"24":0,"25":0,"26":0,"27":0,"28":0,"29":0,"30":0,"31":0,"32":0,"33":0,"34":0,"35":0,"36":0,"37":0,"38":1,"39":0,"40":0,"41":0,"42":0,"43":0,"44":0,"45":0,"46":0,"47":1,"48":1,"49":1,"50":1,"51":0,"52":0,"53":0,"54":1,"55":0,"56":0,"57":1,"58":0,"59":0,"60":0,"61":0,"62":0,"63":0,"64":0,"65":0,"66":0,"67":0,"68":0,"69":0,"70":0,"71":0,"72":0,"73":0,"74":0,"75":0,"76":0,"77":0,"78":0,"79":0,"80":0,"81":1,"82":0,"83":0,"84":0,"85":0,"86":0,"87":0,"88":0,"89":0,"90":0,"91":0,"92":0,"93":0,"94":1,"95":0,"96":1},"b":{"1":[2,0],"2":[2,2],"3":[0,1],"4":[0,0],"5":[0,0],"6":[0,0],"7":[0,0],"8":[0,0],"9":[0,0],"10":[0,0],"11":[0,0,0],"12":[0,0],"13":[0,0],"14":[0,0],"15":[0,0],"16":[0,0],"17":[0,0],"18":[0,0],"19":[0,0],"20":[0,0],"21":[0,0],"22":[0,0],"23":[0,0],"24":[0,0],"25":[0,0],"26":[0,0],"27":[0,1]},"f":{"1":2,"2":1,"3":0,"4":0,"5":0,"6":0,"7":0,"8":1,"9":0,"10":0,"11":0,"12":0,"13":0,"14":0,"15":0,"16":0},"fnMap":{"1":{"name":"_interopRequireDefault","line":11,"loc":{"start":{"line":11,"column":0},"end":{"line":11,"column":37}}},"2":{"name":"(anonymous_2)","line":20,"loc":{"start":{"line":20,"column":17},"end":{"line":20,"column":55}}},"3":{"name":"buildResult","line":27,"loc":{"start":{"line":27,"column":20},"end":{"line":27,"column":43}}},"4":{"name":"(anonymous_4)","line":36,"loc":{"start":{"line":36,"column":20},"end":{"line":36,"column":38}}},"5":{"name":"(anonymous_5)","line":43,"loc":{"start":{"line":43,"column":29},"end":{"line":43,"column":48}}},"6":{"name":"(anonymous_6)","line":59,"loc":{"start":{"line":59,"column":24},"end":{"line":59,"column":42}}},"7":{"name":"output","line":80,"loc":{"start":{"line":80,"column":15},"end":{"line":80,"column":33}}},"8":{"name":"stdin","line":96,"loc":{"start":{"line":96,"column":14},"end":{"line":96,"column":31}}},"9":{"name":"(anonymous_9)","line":101,"loc":{"start":{"line":101,"column":33},"end":{"line":101,"column":45}}},"10":{"name":"(anonymous_10)","line":106,"loc":{"start":{"line":106,"column":28},"end":{"line":106,"column":40}}},"11":{"name":"walk","line":114,"loc":{"start":{"line":114,"column":13},"end":{"line":114,"column":29}}},"12":{"name":"(anonymous_12)","line":118,"loc":{"start":{"line":118,"column":22},"end":{"line":118,"column":42}}},"13":{"name":"(anonymous_13)","line":125,"loc":{"start":{"line":125,"column":45},"end":{"line":125,"column":65}}},"14":{"name":"(anonymous_14)","line":133,"loc":{"start":{"line":133,"column":23},"end":{"line":133,"column":43}}},"15":{"name":"files","line":153,"loc":{"start":{"line":153,"column":14},"end":{"line":153,"column":31}}},"16":{"name":"(anonymous_16)","line":168,"loc":{"start":{"line":168,"column":19},"end":{"line":168,"column":45}}}},"statementMap":{"1":{"start":{"line":3,"column":0},"end":{"line":3,"column":65}},"2":{"start":{"line":5,"column":0},"end":{"line":5,"column":53}},"3":{"start":{"line":7,"column":0},"end":{"line":7,"column":48}},"4":{"start":{"line":9,"column":0},"end":{"line":9,"column":41}},"5":{"start":{"line":11,"column":0},"end":{"line":11,"column":95}},"6":{"start":{"line":11,"column":39},"end":{"line":11,"column":93}},"7":{"start":{"line":13,"column":0},"end":{"line":13,"column":53}},"8":{"start":{"line":14,"column":0},"end":{"line":14,"column":38}},"9":{"start":{"line":15,"column":0},"end":{"line":15,"column":29}},"10":{"start":{"line":16,"column":0},"end":{"line":16,"column":27}},"11":{"start":{"line":17,"column":0},"end":{"line":17,"column":29}},"12":{"start":{"line":18,"column":0},"end":{"line":18,"column":23}},"13":{"start":{"line":20,"column":0},"end":{"line":188,"column":2}},"14":{"start":{"line":21,"column":2},"end":{"line":23,"column":3}},"15":{"start":{"line":22,"column":4},"end":{"line":22,"column":27}},"16":{"start":{"line":25,"column":2},"end":{"line":25,"column":19}},"17":{"start":{"line":27,"column":2},"end":{"line":78,"column":4}},"18":{"start":{"line":28,"column":4},"end":{"line":31,"column":7}},"19":{"start":{"line":33,"column":4},"end":{"line":33,"column":18}},"20":{"start":{"line":34,"column":4},"end":{"line":34,"column":19}},"21":{"start":{"line":36,"column":4},"end":{"line":68,"column":7}},"22":{"start":{"line":37,"column":6},"end":{"line":37,"column":33}},"23":{"start":{"line":39,"column":6},"end":{"line":67,"column":7}},"24":{"start":{"line":40,"column":8},"end":{"line":40,"column":67}},"25":{"start":{"line":41,"column":8},"end":{"line":41,"column":42}},"26":{"start":{"line":43,"column":8},"end":{"line":57,"column":11}},"27":{"start":{"line":44,"column":10},"end":{"line":44,"column":66}},"28":{"start":{"line":44,"column":38},"end":{"line":44,"column":66}},"29":{"start":{"line":46,"column":10},"end":{"line":56,"column":13}},"30":{"start":{"line":59,"column":8},"end":{"line":64,"column":11}},"31":{"start":{"line":60,"column":10},"end":{"line":60,"column":64}},"32":{"start":{"line":61,"column":10},"end":{"line":63,"column":11}},"33":{"start":{"line":62,"column":12},"end":{"line":62,"column":50}},"34":{"start":{"line":66,"column":8},"end":{"line":66,"column":45}},"35":{"start":{"line":70,"column":4},"end":{"line":72,"column":5}},"36":{"start":{"line":71,"column":6},"end":{"line":71,"column":66}},"37":{"start":{"line":74,"column":4},"end":{"line":77,"column":6}},"38":{"start":{"line":80,"column":2},"end":{"line":94,"column":4}},"39":{"start":{"line":81,"column":4},"end":{"line":81,"column":31}},"40":{"start":{"line":83,"column":4},"end":{"line":93,"column":5}},"41":{"start":{"line":84,"column":6},"end":{"line":88,"column":7}},"42":{"start":{"line":85,"column":8},"end":{"line":85,"column":48}},"43":{"start":{"line":86,"column":8},"end":{"line":86,"column":68}},"44":{"start":{"line":87,"column":8},"end":{"line":87,"column":71}},"45":{"start":{"line":90,"column":6},"end":{"line":90,"column":55}},"46":{"start":{"line":92,"column":6},"end":{"line":92,"column":47}},"47":{"start":{"line":96,"column":2},"end":{"line":112,"column":4}},"48":{"start":{"line":97,"column":4},"end":{"line":97,"column":18}},"49":{"start":{"line":99,"column":4},"end":{"line":99,"column":38}},"50":{"start":{"line":101,"column":4},"end":{"line":104,"column":7}},"51":{"start":{"line":102,"column":6},"end":{"line":102,"column":39}},"52":{"start":{"line":103,"column":6},"end":{"line":103,"column":40}},"53":{"start":{"line":103,"column":26},"end":{"line":103,"column":40}},"54":{"start":{"line":106,"column":4},"end":{"line":111,"column":7}},"55":{"start":{"line":107,"column":6},"end":{"line":109,"column":10}},"56":{"start":{"line":110,"column":6},"end":{"line":110,"column":15}},"57":{"start":{"line":114,"column":2},"end":{"line":151,"column":4}},"58":{"start":{"line":115,"column":4},"end":{"line":115,"column":24}},"59":{"start":{"line":116,"column":4},"end":{"line":116,"column":17}},"60":{"start":{"line":118,"column":4},"end":{"line":131,"column":7}},"61":{"start":{"line":119,"column":6},"end":{"line":119,"column":43}},"62":{"start":{"line":119,"column":36},"end":{"line":119,"column":43}},"63":{"start":{"line":121,"column":6},"end":{"line":121,"column":39}},"64":{"start":{"line":122,"column":6},"end":{"line":130,"column":7}},"65":{"start":{"line":123,"column":8},"end":{"line":123,"column":31}},"66":{"start":{"line":125,"column":8},"end":{"line":127,"column":11}},"67":{"start":{"line":126,"column":10},"end":{"line":126,"column":56}},"68":{"start":{"line":129,"column":8},"end":{"line":129,"column":34}},"69":{"start":{"line":133,"column":4},"end":{"line":148,"column":7}},"70":{"start":{"line":134,"column":6},"end":{"line":134,"column":46}},"71":{"start":{"line":134,"column":39},"end":{"line":134,"column":46}},"72":{"start":{"line":136,"column":6},"end":{"line":136,"column":36}},"73":{"start":{"line":137,"column":6},"end":{"line":139,"column":7}},"74":{"start":{"line":138,"column":8},"end":{"line":138,"column":88}},"75":{"start":{"line":140,"column":6},"end":{"line":140,"column":45}},"76":{"start":{"line":142,"column":6},"end":{"line":144,"column":9}},"77":{"start":{"line":146,"column":6},"end":{"line":146,"column":31}},"78":{"start":{"line":146,"column":24},"end":{"line":146,"column":31}},"79":{"start":{"line":147,"column":6},"end":{"line":147,"column":25}},"80":{"start":{"line":150,"column":4},"end":{"line":150,"column":13}},"81":{"start":{"line":153,"column":2},"end":{"line":181,"column":4}},"82":{"start":{"line":155,"column":4},"end":{"line":157,"column":5}},"83":{"start":{"line":156,"column":6},"end":{"line":156,"column":13}},"84":{"start":{"line":159,"column":4},"end":{"line":180,"column":5}},"85":{"start":{"line":160,"column":6},"end":{"line":160,"column":44}},"86":{"start":{"line":161,"column":6},"end":{"line":179,"column":9}},"87":{"start":{"line":169,"column":8},"end":{"line":169,"column":100}},"88":{"start":{"line":169,"column":93},"end":{"line":169,"column":100}},"89":{"start":{"line":171,"column":8},"end":{"line":178,"column":9}},"90":{"start":{"line":172,"column":10},"end":{"line":172,"column":42}},"91":{"start":{"line":173,"column":10},"end":{"line":177,"column":11}},"92":{"start":{"line":174,"column":12},"end":{"line":174,"column":19}},"93":{"start":{"line":176,"column":12},"end":{"line":176,"column":37}},"94":{"start":{"line":183,"column":2},"end":{"line":187,"column":3}},"95":{"start":{"line":184,"column":4},"end":{"line":184,"column":12}},"96":{"start":{"line":186,"column":4},"end":{"line":186,"column":12}}},"branchMap":{"1":{"line":11,"type":"cond-expr","locations":[{"start":{"line":11,"column":70},"end":{"line":11,"column":73}},{"start":{"line":11,"column":76},"end":{"line":11,"column":92}}]},"2":{"line":11,"type":"binary-expr","locations":[{"start":{"line":11,"column":46},"end":{"line":11,"column":49}},{"start":{"line":11,"column":53},"end":{"line":11,"column":67}}]},"3":{"line":21,"type":"if","locations":[{"start":{"line":21,"column":2},"end":{"line":21,"column":2}},{"start":{"line":21,"column":2},"end":{"line":21,"column":2}}]},"4":{"line":29,"type":"binary-expr","locations":[{"start":{"line":29,"column":12},"end":{"line":29,"column":50}},{"start":{"line":29,"column":54},"end":{"line":29,"column":62}}]},"5":{"line":29,"type":"binary-expr","locations":[{"start":{"line":29,"column":26},"end":{"line":29,"column":43}},{"start":{"line":29,"column":47},"end":{"line":29,"column":49}}]},"6":{"line":39,"type":"if","locations":[{"start":{"line":39,"column":6},"end":{"line":39,"column":6}},{"start":{"line":39,"column":6},"end":{"line":39,"column":6}}]},"7":{"line":44,"type":"if","locations":[{"start":{"line":44,"column":10},"end":{"line":44,"column":10}},{"start":{"line":44,"column":10},"end":{"line":44,"column":10}}]},"8":{"line":52,"type":"cond-expr","locations":[{"start":{"line":52,"column":47},"end":{"line":52,"column":51}},{"start":{"line":52,"column":54},"end":{"line":55,"column":13}}]},"9":{"line":61,"type":"if","locations":[{"start":{"line":61,"column":10},"end":{"line":61,"column":10}},{"start":{"line":61,"column":10},"end":{"line":61,"column":10}}]},"10":{"line":70,"type":"if","locations":[{"start":{"line":70,"column":4},"end":{"line":70,"column":4}},{"start":{"line":70,"column":4},"end":{"line":70,"column":4}}]},"11":{"line":70,"type":"binary-expr","locations":[{"start":{"line":70,"column":8},"end":{"line":70,"column":41}},{"start":{"line":70,"column":45},"end":{"line":70,"column":63}},{"start":{"line":70,"column":67},"end":{"line":70,"column":87}}]},"12":{"line":83,"type":"if","locations":[{"start":{"line":83,"column":4},"end":{"line":83,"column":4}},{"start":{"line":83,"column":4},"end":{"line":83,"column":4}}]},"13":{"line":84,"type":"if","locations":[{"start":{"line":84,"column":6},"end":{"line":84,"column":6}},{"start":{"line":84,"column":6},"end":{"line":84,"column":6}}]},"14":{"line":84,"type":"binary-expr","locations":[{"start":{"line":84,"column":10},"end":{"line":84,"column":30}},{"start":{"line":84,"column":34},"end":{"line":84,"column":67}}]},"15":{"line":103,"type":"if","locations":[{"start":{"line":103,"column":6},"end":{"line":103,"column":6}},{"start":{"line":103,"column":6},"end":{"line":103,"column":6}}]},"16":{"line":119,"type":"if","locations":[{"start":{"line":119,"column":6},"end":{"line":119,"
[...]
mn":2}},{"start":{"line":91,"column":2},"end":{"line":91,"column":2}}]},"10":{"line":96,"type":"binary-expr","locations":[{"start":{"line":96,"column":14},"end":{"line":96,"column":29}},{"start":{"line":96,"column":33},"end":{"line":96,"column":35}}]},"11":{"line":104,"type":"if","locations":[{"start":{"line":104,"column":0},"end":{"line":104,"column":0}},{"start":{"line":104,"column":0},"end":{"line":104,"column":0}}]},"12":{"line":104,"type":"binary-expr","locations":[{"start":{"line":104,"column":4},"end":{"line":104,"column":16}},{"start":{"line":104,"column":20},"end":{"line":104,"column":33}}]},"13":{"line":106,"type":"if","locations":[{"start":{"line":106,"column":2},"end":{"line":106,"column":2}},{"start":{"line":106,"column":2},"end":{"line":106,"column":2}}]},"14":{"line":106,"type":"binary-expr","locations":[{"start":{"line":106,"column":6},"end":{"line":106,"column":11}},{"start":{"line":106,"column":15},"end":{"line":106,"column":28}}]},"15":{"line":120,"type":"if","locations":[{"start":{"line":120,"column":2},"end":{"line":120,"column":2}},{"start":{"line":120,"column":2},"end":{"line":120,"column":2}}]},"16":{"line":121,"type":"cond-expr","locations":[{"start":{"line":121,"column":46},"end":{"line":121,"column":52}},{"start":{"line":121,"column":55},"end":{"line":121,"column":81}}]},"17":{"line":125,"type":"if","locations":[{"start":{"line":125,"column":2},"end":{"line":125,"column":2}},{"start":{"line":125,"column":2},"end":{"line":125,"column":2}}]},"18":{"line":131,"type":"if","locations":[{"start":{"line":131,"column":6},"end":{"line":131,"column":6}},{"start":{"line":131,"column":6},"end":{"line":131,"column":6}}]},"19":{"line":136,"type":"if","locations":[{"start":{"line":136,"column":6},"end":{"line":136,"column":6}},{"start":{"line":136,"column":6},"end":{"line":136,"column":6}}]},"20":{"line":138,"type":"if","locations":[{"start":{"line":138,"column":8},"end":{"line":138,"column":8}},{"start":{"line":138,"column":8},"end":{"line":138,"column":8}}]},"21":{"line":138,"type":"binary-expr","locations":[{"start":{"line":138,"column":12},"end":{"line":138,"column":21}},{"start":{"line":138,"column":25},"end":{"line":138,"column":43}}]},"22":{"line":149,"type":"if","locations":[{"start":{"line":149,"column":4},"end":{"line":149,"column":4}},{"start":{"line":149,"column":4},"end":{"line":149,"column":4}}]},"23":{"line":175,"type":"if","locations":[{"start":{"line":175,"column":4},"end":{"line":175,"column":4}},{"start":{"line":175,"column":4},"end":{"line":175,"column":4}}]},"24":{"line":175,"type":"binary-expr","locations":[{"start":{"line":175,"column":8},"end":{"line":175,"column":23}},{"start":{"line":175,"column":27},"end":{"line":175,"column":56}}]}},"code":["\"use strict\";","","var _pathIsAbsolute = require(\"path-is-absolute\");","","var _pathIsAbsolute2 = _interopRequireDefault(_pathIsAbsolute);","","var _commander = require(\"commander\");","","var _commander2 = _interopRequireDefault(_commander);","","var _module2 = require(\"module\");","","var _module3 = _interopRequireDefault(_module2);","","var _util = require(\"util\");","","var _path = require(\"path\");","","var _path2 = _interopRequireDefault(_path);","","var _repl = require(\"repl\");","","var _repl2 = _interopRequireDefault(_repl);","","var _babelCore = require(\"babel-core\");","","var babel = _interopRequireWildcard(_babelCore);","","var _vm = require(\"vm\");","","var _vm2 = _interopRequireDefault(_vm);","","require(\"babel-polyfill\");","","var _babelRegister = require(\"babel-register\");","","var _babelRegister2 = _interopRequireDefault(_babelRegister);","","function _interopRequireWildcard(obj) { if (obj && obj.__esModule) { return obj; } else { var newObj = {}; if (obj != null) { for (var key in obj) { if (Object.prototype.hasOwnProperty.call(obj, key)) newObj[key] = obj[key]; } } newObj.default = obj; return newObj; } }","","function _interopRequireDefault(obj) { return obj && obj.__esModule ? obj : { default: obj }; }","","var program = new _commander2.default.Command(\"babel-node\");","","program.option(\"-e, --eval [script]\", \"Evaluate script\");","program.option(\"-p, --print [code]\", \"Evaluate script and print result\");","program.option(\"-o, --only [globs]\", \"\");","program.option(\"-i, --ignore [globs]\", \"\");","program.option(\"-x, --extensions [extensions]\", \"List of extensions to hook into [.es6,.js,.es,.jsx]\");","program.option(\"-w, --plugins [string]\", \"\", _babelCore.util.list);","program.option(\"-b, --presets [string]\", \"\", _babelCore.util.list);","","var pkg = require(\"../package.json\");","program.version(pkg.version);","program.usage(\"[options] [ -e script | script.js ] [arguments]\");","program.parse(process.argv);","","(0, _babelRegister2.default)({","  extensions: program.extensions,","  ignore: program.ignore,","  only: program.only,","  plugins: program.plugins,","  presets: program.presets","});","","var replPlugin = function replPlugin(_ref) {","  var t = _ref.types;","  return {","    visitor: {","      ModuleDeclaration: function ModuleDeclaration(path) {","        throw path.buildCodeFrameError(\"Modules aren't supported in the REPL\");","      },","      VariableDeclaration: function VariableDeclaration(path) {","        if (path.node.kind !== \"var\") {","          throw path.buildCodeFrameError(\"Only `var` variables are supported in the REPL\");","        }","      },","      Program: function Program(path) {","        if (path.get(\"body\").some(function (child) {","          return child.isExpressionStatement();","        })) return;","","        path.pushContainer(\"body\", t.expressionStatement(t.identifier(\"undefined\")));","      }","    }","  };","};","","var _eval = function _eval(code, filename) {","  code = code.trim();","  if (!code) return undefined;","","  code = babel.transform(code, {","    filename: filename,","    presets: program.presets,","    plugins: (program.plugins || []).concat([replPlugin])","  }).code;","","  return _vm2.default.runInThisContext(code, {","    filename: filename","  });","};","","if (program.eval || program.print) {","  var code = program.eval;","  if (!code || code === true) code = program.print;","","  global.__filename = \"[eval]\";","  global.__dirname = process.cwd();","","  var _module = new _module3.default(global.__filename);","  _module.filename = global.__filename;","  _module.paths = _module3.default._nodeModulePaths(global.__dirname);","","  global.exports = _module.exports;","  global.module = _module;","  global.require = _module.require.bind(_module);","","  var result = _eval(code, global.__filename);","  if (program.print) {","    var output = typeof result === \"string\" ? result : (0, _util.inspect)(result);","    process.stdout.write(output + \"\\n\");","  }","} else {","  if (program.args.length) {","    var args = process.argv.slice(2);","","    var i = 0;","    var ignoreNext = false;","    args.some(function (arg, i2) {","      if (ignoreNext) {","        ignoreNext = false;","        return;","      }","","      if (arg[0] === \"-\") {","        var parsedArg = program[arg.slice(2)];","        if (parsedArg && parsedArg !== true) {","          ignoreNext = true;","        }","      } else {","        i = i2;","        return true;","      }","    });","    args = args.slice(i);","","    var filename = args[0];","    if (!(0, _pathIsAbsolute2.default)(filename)) args[0] = _path2.default.join(process.cwd(), filename);","","    process.argv = [\"node\"].concat(args);","    process.execArgv.unshift(__filename);","","    _module3.default.runMain();","  } else {","    replStart();","  }","}","","function replStart() {","  _repl2.default.start({","    prompt: \"> \",","    input: process.stdin,","    output: process.stdout,","    eval: replEval,","    useGlobal: true","  });","}","","function replEval(code, context, filename, callback) {","  var err = void 0;","  var result = void 0;","","  try {","    if (code[0] === \"(\" && code[code.length - 1] === \")\") {","      code = code.slice(1, -1);","    }","","    result = _eval(code, filename);","  } catch (e) {","    err = e;","  }","","  callback(err, result);","}"],"l":{"3":1,"5":1,"7":1,"9":1,"11":1,"13":1,"15":1,"17":1,"19":1,"21":1,"23":1,"25":1,"27":1,"29":1,"31":1,"33":1,"35":1,"37":1,"39":1,"41":7,"43":1,"45":1,"46":1,"47":1,"48":1,"49":1,"50":1,"51":1,"53":1,"54":1,"55":1,"56":1,"58":1,"66":1,"67":0,"68":0,"71":0,"74":0,"75":0,"79":0,"80":0,"81":0,"83":0,"89":1,"90":0,"91":0,"93":0,"99":0,"104":1,"105":0,"106":0,"108":0,"109":0,"111":0,"112":0,"113":0,"115":0,"116":0,"117":0,"119":0,"120":0,"121":0,"122":0,"125":1,"126":0,"128":0,"129":0,"130":0,"131":0,"132":0,"133":0,"136":0,"137":0,"138":0,"139":0,"142":0,"143":0,"146":0,"148":0,"149":0,"151":0,"152":0,"154":0,"156":1,"160":1,"161":1,"170":1,"171":0,"172":0,"174":0,"175":0,"176":0,"179":0,"181":0,"184":0}},"/home/travis/build/npmtest/node-npmtest-babel-cli/node_modules/babel-cli/lib/babel/dir.js":{"path":"/home/travis/build/npmtest/node-npmtest-babel-cli/node_modules/babel-cli/lib/babel/dir.js","s":{"1":1,"2":1,"3":1,"4":1,"5":1,"6":1,"7":1,"8":1,"9":1,"10":1,"11":1,"12":0,"13":0,"14":0,"15":0,"16":0,"17":0,"18":0,"19":0,"20":0,"21":0,"22":0,"23":0,"24":1,"25":0,"26":0,"27":0,"28":0,"29":0,"30":0,"31":0,"32":0,"33":1,"34":0,"35":0,"36":0,"37":0,"38":0,"39":0,"40":0,"41":0,"42":0,"43":0,"44":0,"45":0,"46":0,"47":0,"48":0,"49":0,"50":0,"51":0,"52":0,"53":0,"54":0},"b":{"1":[1,0],"2":[1,1],"3":[0,0],"4":[0,0],"5":[0,0],"6":[0,0,0],"7":[0,0],"8":[0,0],"9":[0,0],"10":[0,0],"11":[0,0],"12":[0,0],"13":[0,0],"14":[0,0]},"f":{"1":1,"2":0,"3":0,"4":0,"5":0,"6":0,"7":0,"8":0,"9":0},"fnMap":{"1":{"name":"_interopRequireDefault","line":7,"loc":{"start":{"line":7,"column":0},"end":{"line":7,"column":37}}},"2":{"name":"(anonymous_2)","line":15,"loc":{"start":{"line":15,"column":17},"end":{"line":15,"column":49}}},"3":{"name":"write","line":16,"loc":{"start":{"line":16,"column":2},"end":{"line":16,"column":32}}},"4":{"name":"handleFile","line":39,"loc":{"start":{"line":39,"column":2},"end":{"line":39,"column":37}}},"5":{"name":"handle","line":51,"loc":{"start":{"line":51,"column":2},"end":{"line":51,"column":28}}},"6":{"name":"(anonymous_6)","line":59,"loc":{"start":{"line":59,"column":36},"end":{"line":59,"column":56}}},"7":{"name":"(anonymous_7)","line":75,"loc":{"start":{"line":75,"column":22},"end":{"line":75,"column":41}}},"8":{"name":"(anonymous_8)","line":85,"loc":{"start":{"line":85,"column":32},"end":{"line":85,"column":48}}},"9":{"name":"(anonymous_9)","line":86,"loc":{"start":{"line":86,"column":25},"end":{"line":86,"column":45}}}},"statementMap":{"1":{"start":{"line":3,"column":0},"end":{"line":3,"column":65}},"2":{"start":{"line":5,"column":0},"end":{"line":5,"column":53}},"3":{"start":{"line":7,"column":0},"end":{"line":7,"column":95}},"4":{"start":{"line":7,"column":39},"end":{"line":7,"column":93}},"5":{"start":{"line":9,"column":0},"end":{"line":9,"column":49}},"6":{"start":{"line":10,"column":0},"end":{"line":10,"column":29}},"7":{"start":{"line":11,"column":0},"end":{"line":11,"column":27}},"8":{"start":{"line":12,"column":0},"end":{"line":12,"column":29}},"9":{"start":{"line":13,"column":0},"end":{"line":13,"column":23}},"10":{"start":{"line":15,"column":0},"end":{"line":97,"column":2}},"11":{"start":{"line":16,"column":2},"end":{"line":37,"column":3}},"12":{"start":{"line":17,"column":4},"end":{"line":17,"column":57}},"13":{"start":{"line":19,"column":4},"end":{"line":19,"column":53}},"14":{"start":{"line":21,"column":4},"end":{"line":24,"column":7}},"15":{"start":{"line":25,"column":4},"end":{"line":25,"column":53}},"16":{"start":{"line":25,"column":46},"end":{"line":25,"column":53}},"17":{"start":{"line":27,"column":4},"end":{"line":31,"column":5}},"18":{"start":{"line":28,"column":6},"end":{"line":28,"column":33}},"19":{"start":{"line":29,"column":6},"end":{"line":29,"column":62}},"20":{"start":{"line":30,"column":6},"end":{"line":30,"column":65}},"21":{"start":{"line":33,"column":4},"end":{"line":33,"column":36}},"22":{"start":{"line":34,"column":4},"end":{"line":34,"column":26}},"23":{"start":{"line":36,"column":4},"end":{"line":36,"column":34}},"24":{"start":{"line":39,"column":2},"end":{"line":49,"column":3}},"25":{"start":{"line":40,"column":4},"end":{"line":40,"column":39}},"26":{"start":{"line":40,"column":32},"end":{"line":40,"column":39}},"27":{"start":{"line":42,"column":4},"end":{"line":48,"column":5}},"28":{"start":{"line":43,"column":6},"end":{"line":43,"column":27}},"29":{"start":{"line":44,"column":11},"end":{"line":48,"column":5}},"30":{"start":{"line":45,"column":6},"end":{"line":45,"column":55}},"31":{"start":{"line":46,"column":6},"end":{"line":46,"column":49}},"32":{"start":{"line":47,"column":6},"end":{"line":47,"column":28}},"33":{"start":{"line":51,"column":2},"end":{"line":66,"column":3}},"34":{"start":{"line":52,"column":4},"end":{"line":52,"column":41}},"35":{"start":{"line":52,"column":34},"end":{"line":52,"column":41}},"36":{"start":{"line":54,"column":4},"end":{"line":54,"column":37}},"37":{"start":{"line":56,"column":4},"end":{"line":65,"column":5}},"38":{"start":{"line":57,"column":6},"end":{"line":57,"column":29}},"39":{"start":{"line":59,"column":6},"end":{"line":62,"column":9}},"40":{"start":{"line":60,"column":8},"end":{"line":60,"column":47}},"41":{"start":{"line":61,"column":8},"end":{"line":61,"column":34}},"42":{"start":{"line":64,"column":6},"end":{"line":64,"column":32}},"43":{"start":{"line":68,"column":2},"end":{"line":70,"column":3}},"44":{"start":{"line":69,"column":4},"end":{"line":69,"column":30}},"45":{"start":{"line":72,"column":2},"end":{"line":96,"column":3}},"46":{"start":{"line":73,"column":4},"end":{"line":73,"column":42}},"47":{"start":{"line":75,"column":4},"end":{"line":95,"column":7}},"48":{"start":{"line":76,"column":6},"end":{"line":83,"column":9}},"49":{"start":{"line":85,"column":6},"end":{"line":94,"column":9}},"50":{"start":{"line":86,"column":8},"end":{"line":93,"column":11}},"51":{"start":{"line":87,"column":10},"end":{"line":87,"column":70}},"52":{"start":{"line":88,"column":10},"end":{"line":92,"column":11}},"53":{"start":{"line":89,"column":12},"end":{"line":89,"column":43}},"54":{"start":{"line":91,"column":12},"end":{"line":91,"column":37}}},"branchMap":{"1":{"line":7,"type":"cond-expr","locations":[{"start":{"line":7,"column":70},"end":{"line":7,"column":73}},{"start":{"line":7,"column":76},"end":{"line":7,"column":92}}]},"2":{"line":7,"type":"binary-expr","locations":[{"start":{"line":7,"column":46},"end":{"line":7,"column":49}},{"start":{"line":7,"column":53},"end":{"line":7,"column":67}}]},"3":{"line":25,"type":"if","locations":[{"start":{"line":25,"column":4},"end":{"line":25,"column":4}},{"start":{"line":25,"column":4},"end":{"line":25,"column":4}}]},"4":{"line":25,"type":"binary-expr","locations":[{"start":{"line":25,"column":8},"end":{"line":25,"column":28}},{"start":{"line":25,"column":32},"end":{"line":25,"column":44}}]},"5":{"line":27,"type":"if","locations":[{"start":{"line":27,"column":4},"end":{"line":27,"column":4}},{"start":{"line":27,"column":4},"end":{"line":27,"column":4}}]},"6":{"line":27,"type":"binary-expr","locations":[{"start":{"line":27,"column":8},"end":{"line":27,"column":16}},{"start":{"line":27,"column":20},"end":{"line":27,"column":40}},{"start":{"line":27,"column":44},"end":{"line":27,"column":77}}]},"7":{"line":40,"type":"if","locations":[{"start":{"line":40,"column":4},"end":{"line":40,"column":4}},{"start":{"line":40,"column":4},"end":{"line":40,"column":4}}]},"8":{"line":42,"type":"if","locations":[{"start":{"line":42,"column":4},"end":{"line":42,"column":4}},{"start":{"line":42,"column":4},"end":{"line":42,"column":4}}]},"9":{"line":44,"type":"if","locations":[{"start":{"line":44,"column":11},"end":{"line":44,"column":11}},{"start":{"line":44,"column":11},"end":{"line":44,"column":11}}]},"10":{"line":52,"type":"if","locations":[{"start":{"line":52,"column":4},"end":{"line":52,"column":4}},{"start":{"line":52,"column":4},"end":{"line":52,"column":4}}]},"11":{"line":56,"type":"if","locations":[{"start":{"line":56,"column":4},"end":{"line":56,"column":4}},{"start":{"line":56,"column":4},"end":{"line":56,"column":4}}]},"12":{"line":68,"type":"if","locations":[{"start":{"line":68,"column":2},"end":{"line":68,"column":2}},{"start":{"line":68,"column":2},"end":{"line":68,"column":2}}]},"13":{"line":72,"type":"if","locations":[{"start":{"line":72,"column":2},"end":{"line":72,"column":2}},{"start":{"line":72,"column":2},"end":{"line":72,"column":2}}]},"14":{"line":87,"type":"binary-expr","locations":[{"start":{"line":87,"column":25},"end":{"line":87,"column":57}},{"start":{"line":87,"column":61},"end":{"line":87,"column":69}}]}},"code":["\"use strict\";","","var _stringify = require(\"babel-runtime/core-js/json/stringify\");","","var _stringify2 = _interopRequireDefault(_stringify);","","function _interopRequireDefault(obj) { return obj && obj.__esModule ? obj : { default: obj }; }","","var outputFileSync = require(\"output-file-sync\");","var slash = require(\"slash\");","var path = require(\"path\");","var util = require(\"./util\");","var fs = require(\"fs\");","","module.exports = function (commander, filenames) {","  function write(src, relative) {","    relative = relative.replace(/\\.(\\w*?)$/, \"\") + \".js\";","","    var dest = path.join(commander.outDir, relative);","","    var data = util.compile(src, {","      sourceFileName: slash(path.relative(dest + \"/..\", src)),","      sourceMapTarget: path.basename(relative)","    });","    if (!commander.copyFiles && data.ignored) return;","","    if (data.map && commander.sourceMaps && commander.sourceMaps !== \"inline\") {","      var mapLoc = dest + \".map\";","      data.code = util.addSourceMappingUrl(data.code, mapLoc);","      outputFileSync(mapLoc, (0, _stringify2.default)(data.map));","    }","","    outputFileSync(dest, data.code);","    util.chmod(src, dest);","","    util.log(src + \" -> \" + dest);","  }","","  function handleFile(src, filename) {","    if (util.shouldIgnore(src)) return;","","    if (util.canCompile(filename, commander.extensions)) {","      write(src, filename);","    } else if (commander.copyFiles) {","      var dest = path.join(commander.outDir, filename);","      outputFileSync(dest, fs.readFileSync(src));","      util.chmod(src, dest);","    }","  }","","  function handle(filename) {","    if (!fs.existsSync(filename)) return;","","    var stat = fs.statSync(filename);","","    if (stat.isDirectory(filename)) {","      var dirname = filename;","","      util.readdir(dirname).forEach(function (filename) {","        var src = path.join(dirname, filename);","        handleFile(src, filename);","      });","    } else {","      write(filename, filename);","    }","  }","","  if (!commander.skipInitialBuild) {","    filenames.forEach(handle);","  }","","  if (commander.watch) {","    var chokidar = util.requireChokidar();","","    filenames.forEach(function (dirname) {","      var watcher = chokidar.watch(dirname, {","        persistent: true,","        ignoreInitial: true,","        awaitWriteFinish: {","          stabilityThreshold: 50,","          pollInterval: 10","        }","      });","","      [\"add\", \"change\"].forEach(function (type) {","        watcher.on(type, function (filename) {","          var relative = path.relative(dirname, filename) || filename;","          try {","            handleFile(filename, relative);","          } catch (err) {","            console.error(err.stack);","          }","        });","      });","    });","  }","};"],"l":{"3":1,"5":1,"7":1,"9":1,"10":1,"11":1,"12":1,"13":1,"15":1,"16":1,"17":0,"19":0,"21":0,"25":0,"27":0,"28":0,"29":0,"30":0,"33":0,"34":0,"36":0,"39":1,"40":0,"42":0,"43":0,"44":0,"45":0,"46":0,"47":0,"51":1,"52":0,"54":0,"56":0,"57":0,"59":0,"60":0,"61":0,"64":0,"68":0,"69":0,"72":0,"73":0,"75":0,"76":0,"85":0,"86":0,"87":0,"88":0,"89":0,"91":0}}}